  [4;36;1mSQL (0.3ms)[0m   [0;1m SELECT name
 FROM sqlite_master
 WHERE type = 'table' AND NOT name = 'sqlite_sequence'
[0m
  [4;35;1mSQL (0.1ms)[0m   [0mselect sqlite_version(*)[0m
  [4;36;1mSQL (1.7ms)[0m   [0;1mCREATE TABLE "schema_migrations" ("version" varchar(255) NOT NULL) [0m
  [4;35;1mSQL (1.3ms)[0m   [0mCREATE UNIQUE INDEX "unique_schema_migrations" ON "schema_migrations" ("version")[0m
  [4;36;1mSQL (0.2ms)[0m   [0;1m SELECT name
 FROM sqlite_master
 WHERE type = 'table' AND NOT name = 'sqlite_sequence'
[0m
  [4;35;1mSQL (0.1ms)[0m   [0mSELECT version FROM schema_migrations[0m
Migrating to CreateItems (20081205191728)
  [4;36;1mSQL (1.8ms)[0m   [0;1mCREATE TABLE "items" ("id" INTEGER PRIMARY KEY AUTOINCREMENT NOT NULL, "name" varchar(255), "description" text, "created_at" datetime, "updated_at" datetime) [0m
  [4;35;1mSQL (1.9ms)[0m   [0mINSERT INTO schema_migrations (version) VALUES ('20081205191728')[0m
  [4;36;1mSQL (0.2ms)[0m   [0;1m SELECT name
 FROM sqlite_master
 WHERE type = 'table' AND NOT name = 'sqlite_sequence'
[0m
  [4;35;1mSQL (0.2ms)[0m   [0mSELECT version FROM schema_migrations[0m
  [4;36;1mSQL (0.2ms)[0m   [0;1m SELECT name
 FROM sqlite_master
 WHERE type = 'table' AND NOT name = 'sqlite_sequence'
[0m
  [4;35;1mSQL (0.0ms)[0m   [0mPRAGMA index_list("items")[0m


Processing ItemsController#index (for 127.0.0.1 at 2008-12-05 13:18:06) [GET]


CGI::Session::CookieStore::TamperedWithCookie (CGI::Session::CookieStore::TamperedWithCookie):
    /Library/Ruby/Gems/1.8/gems/actionpack-2.2.2/lib/action_controller/session/cookie_store.rb:145:in `unmarshal'
    /Library/Ruby/Gems/1.8/gems/actionpack-2.2.2/lib/action_controller/session/cookie_store.rb:102:in `restore'
    /System/Library/Frameworks/Ruby.framework/Versions/1.8/usr/lib/ruby/1.8/cgi/session.rb:304:in `[]'
    /Library/Ruby/Gems/1.8/gems/actionpack-2.2.2/lib/action_controller/cgi_process.rb:98:in `session'
    /Library/Ruby/Gems/1.8/gems/actionpack-2.2.2/lib/action_controller/cgi_process.rb:130:in `stale_session_check!'
    /Library/Ruby/Gems/1.8/gems/actionpack-2.2.2/lib/action_controller/cgi_process.rb:78:in `session'
    /Library/Ruby/Gems/1.8/gems/actionpack-2.2.2/lib/action_controller/base.rb:1205:in `assign_shortcuts_without_flash'
    /Library/Ruby/Gems/1.8/gems/actionpack-2.2.2/lib/action_controller/flash.rb:166:in `assign_shortcuts'
    /Library/Ruby/Gems/1.8/gems/actionpack-2.2.2/lib/action_controller/base.rb:519:in `process_without_filters'
    /Library/Ruby/Gems/1.8/gems/actionpack-2.2.2/lib/action_controller/filters.rb:606:in `process_without_session_management_support'
    /Library/Ruby/Gems/1.8/gems/actionpack-2.2.2/lib/action_controller/session_management.rb:134:in `process'
    /Library/Ruby/Gems/1.8/gems/actionpack-2.2.2/lib/action_controller/base.rb:392:in `process'
    /Library/Ruby/Gems/1.8/gems/actionpack-2.2.2/lib/action_controller/dispatcher.rb:183:in `handle_request'
    /Library/Ruby/Gems/1.8/gems/actionpack-2.2.2/lib/action_controller/dispatcher.rb:110:in `dispatch_unlocked'
    /Library/Ruby/Gems/1.8/gems/actionpack-2.2.2/lib/action_controller/dispatcher.rb:123:in `dispatch'
    /Library/Ruby/Gems/1.8/gems/actionpack-2.2.2/lib/action_controller/dispatcher.rb:122:in `synchronize'
    /Library/Ruby/Gems/1.8/gems/actionpack-2.2.2/lib/action_controller/dispatcher.rb:122:in `dispatch'
    /Library/Ruby/Gems/1.8/gems/actionpack-2.2.2/lib/action_controller/dispatcher.rb:132:in `dispatch_cgi'
    /Library/Ruby/Gems/1.8/gems/actionpack-2.2.2/lib/action_controller/dispatcher.rb:39:in `dispatch'
    /Library/Ruby/Gems/1.8/gems/mongrel-1.1.5/bin/../lib/mongrel/rails.rb:76:in `process'
    /Library/Ruby/Gems/1.8/gems/mongrel-1.1.5/bin/../lib/mongrel/rails.rb:74:in `synchronize'
    /Library/Ruby/Gems/1.8/gems/mongrel-1.1.5/bin/../lib/mongrel/rails.rb:74:in `process'
    /Library/Ruby/Gems/1.8/gems/mongrel-1.1.5/lib/mongrel.rb:159:in `process_client'
    /Library/Ruby/Gems/1.8/gems/mongrel-1.1.5/lib/mongrel.rb:158:in `each'
    /Library/Ruby/Gems/1.8/gems/mongrel-1.1.5/lib/mongrel.rb:158:in `process_client'
    /Library/Ruby/Gems/1.8/gems/mongrel-1.1.5/lib/mongrel.rb:285:in `run'
    /Library/Ruby/Gems/1.8/gems/mongrel-1.1.5/lib/mongrel.rb:285:in `initialize'
    /Library/Ruby/Gems/1.8/gems/mongrel-1.1.5/lib/mongrel.rb:285:in `new'
    /Library/Ruby/Gems/1.8/gems/mongrel-1.1.5/lib/mongrel.rb:285:in `run'
    /Library/Ruby/Gems/1.8/gems/mongrel-1.1.5/lib/mongrel.rb:268:in `initialize'
    /Library/Ruby/Gems/1.8/gems/mongrel-1.1.5/lib/mongrel.rb:268:in `new'
    /Library/Ruby/Gems/1.8/gems/mongrel-1.1.5/lib/mongrel.rb:268:in `run'
    /Library/Ruby/Gems/1.8/gems/mongrel-1.1.5/lib/mongrel/configurator.rb:282:in `run'
    /Library/Ruby/Gems/1.8/gems/mongrel-1.1.5/lib/mongrel/configurator.rb:281:in `each'
    /Library/Ruby/Gems/1.8/gems/mongrel-1.1.5/lib/mongrel/configurator.rb:281:in `run'
    /Library/Ruby/Gems/1.8/gems/mongrel-1.1.5/bin/mongrel_rails:128:in `run'
    /Library/Ruby/Gems/1.8/gems/mongrel-1.1.5/lib/mongrel/command.rb:212:in `run'
    /Library/Ruby/Gems/1.8/gems/mongrel-1.1.5/bin/mongrel_rails:281
    /Library/Ruby/Gems/1.8/gems/activesupport-2.2.2/lib/active_support/dependencies.rb:142:in `load_without_new_constant_marking'
    /Library/Ruby/Gems/1.8/gems/activesupport-2.2.2/lib/active_support/dependencies.rb:142:in `load'
    /Library/Ruby/Gems/1.8/gems/activesupport-2.2.2/lib/active_support/dependencies.rb:521:in `new_constants_in'
    /Library/Ruby/Gems/1.8/gems/activesupport-2.2.2/lib/active_support/dependencies.rb:142:in `load'
    /Library/Ruby/Gems/1.8/gems/rails-2.2.2/lib/commands/servers/mongrel.rb:64
    /Library/Ruby/Site/1.8/rubygems/custom_require.rb:31:in `gem_original_require'
    /Library/Ruby/Site/1.8/rubygems/custom_require.rb:31:in `require'
    /Library/Ruby/Gems/1.8/gems/activesupport-2.2.2/lib/active_support/dependencies.rb:153:in `require'
    /Library/Ruby/Gems/1.8/gems/activesupport-2.2.2/lib/active_support/dependencies.rb:521:in `new_constants_in'
    /Library/Ruby/Gems/1.8/gems/activesupport-2.2.2/lib/active_support/dependencies.rb:153:in `require'
    /Library/Ruby/Gems/1.8/gems/rails-2.2.2/lib/commands/server.rb:49
    /Library/Ruby/Site/1.8/rubygems/custom_require.rb:31:in `gem_original_require'
    /Library/Ruby/Site/1.8/rubygems/custom_require.rb:31:in `require'
    script/server:3

Rendered /Library/Ruby/Gems/1.8/gems/actionpack-2.2.2/lib/action_controller/templates/rescues/_trace (21.9ms)
Rendered /Library/Ruby/Gems/1.8/gems/actionpack-2.2.2/lib/action_controller/templates/rescues/_request_and_response (0.7ms)
Rendering /Library/Ruby/Gems/1.8/gems/actionpack-2.2.2/lib/action_controller/templates/rescues/layout.erb (internal_server_error)


Processing ItemsController#index (for 127.0.0.1 at 2008-12-05 13:18:15) [GET]
  [4;36;1mItem Load (0.4ms)[0m   [0;1mSELECT * FROM "items" [0m
Rendering template within layouts/items
Rendering items/index
Completed in 8ms (View: 3, DB: 0) | 200 OK [http://localhost/items/]


Processing ItemsController#new (for 127.0.0.1 at 2008-12-05 13:18:17) [GET]
Rendering template within layouts/items
Rendering items/new
Completed in 10ms (View: 6, DB: 0) | 200 OK [http://localhost/items/new]


Processing ItemsController#create (for 127.0.0.1 at 2008-12-05 13:19:51) [POST]
  Parameters: {"commit"=>"Create", "authenticity_token"=>"a36c7f4fd8056ad0affb6b2f0efa61b2f418b450", "item"=>{"name"=>"Something", "description"=>"Something"}}
  [4;35;1mItem Create (0.5ms)[0m   [0mINSERT INTO "items" ("name", "updated_at", "description", "created_at") VALUES('Something', '2008-12-05 19:19:51', 'Something', '2008-12-05 19:19:51')[0m
Redirected to #<Item:0x2257f54>
Completed in 9ms (DB: 0) | 302 Found [http://localhost/items]


Processing ItemsController#show (for 127.0.0.1 at 2008-12-05 13:19:51) [GET]
  Parameters: {"id"=>"1"}
  [4;36;1mItem Load (0.2ms)[0m   [0;1mSELECT * FROM "items" WHERE ("items"."id" = 1) [0m
Rendering template within layouts/items
Rendering items/show
Completed in 8ms (View: 4, DB: 0) | 200 OK [http://localhost/items/1]


Processing ItemsController#index (for 127.0.0.1 at 2008-12-05 13:19:53) [GET]
  [4;35;1mItem Load (0.4ms)[0m   [0mSELECT * FROM "items" [0m
Rendering template within layouts/items
Rendering items/index
Completed in 10ms (View: 5, DB: 0) | 200 OK [http://localhost/items]


Processing ItemsController#index (for 127.0.0.1 at 2008-12-05 13:28:28) [GET]
  [4;36;1mItem Load (0.5ms)[0m   [0;1mSELECT * FROM "items" [0m
Rendering template within layouts/items
Rendering items/index
Completed in 67ms (View: 5, DB: 0) | 200 OK [http://localhost/items]


Processing ItemsController#index (for 127.0.0.1 at 2008-12-05 13:28:29) [GET]
  [4;35;1mItem Load (0.6ms)[0m   [0mSELECT * FROM "items" [0m
Rendering template within layouts/items
Rendering items/index
Completed in 11ms (View: 6, DB: 1) | 200 OK [http://localhost/items]


Processing ItemsController#new (for 127.0.0.1 at 2008-12-05 13:32:42) [GET]
Rendering template within layouts/items
Rendering items/new
Completed in 10ms (View: 5, DB: 0) | 200 OK [http://localhost/items/new]


Processing ApplicationController#index (for 127.0.0.1 at 2008-12-05 13:34:33) [GET]


ActionController::RoutingError (No route matches "/posts" with {:method=>:get}):
    /Library/Ruby/Gems/1.8/gems/actionpack-2.2.2/lib/action_controller/routing/recognition_optimisation.rb:66:in `recognize_path'
    /Library/Ruby/Gems/1.8/gems/actionpack-2.2.2/lib/action_controller/routing/route_set.rb:386:in `recognize'
    /Library/Ruby/Gems/1.8/gems/actionpack-2.2.2/lib/action_controller/dispatcher.rb:182:in `handle_request'
    /Library/Ruby/Gems/1.8/gems/actionpack-2.2.2/lib/action_controller/dispatcher.rb:110:in `dispatch_unlocked'
    /Library/Ruby/Gems/1.8/gems/actionpack-2.2.2/lib/action_controller/dispatcher.rb:123:in `dispatch'
    /Library/Ruby/Gems/1.8/gems/actionpack-2.2.2/lib/action_controller/dispatcher.rb:122:in `synchronize'
    /Library/Ruby/Gems/1.8/gems/actionpack-2.2.2/lib/action_controller/dispatcher.rb:122:in `dispatch'
    /Library/Ruby/Gems/1.8/gems/actionpack-2.2.2/lib/action_controller/dispatcher.rb:132:in `dispatch_cgi'
    /Library/Ruby/Gems/1.8/gems/actionpack-2.2.2/lib/action_controller/dispatcher.rb:39:in `dispatch'
    /Library/Ruby/Gems/1.8/gems/mongrel-1.1.5/bin/../lib/mongrel/rails.rb:76:in `process'
    /Library/Ruby/Gems/1.8/gems/mongrel-1.1.5/bin/../lib/mongrel/rails.rb:74:in `synchronize'
    /Library/Ruby/Gems/1.8/gems/mongrel-1.1.5/bin/../lib/mongrel/rails.rb:74:in `process'
    /Library/Ruby/Gems/1.8/gems/mongrel-1.1.5/lib/mongrel.rb:159:in `process_client'
    /Library/Ruby/Gems/1.8/gems/mongrel-1.1.5/lib/mongrel.rb:158:in `each'
    /Library/Ruby/Gems/1.8/gems/mongrel-1.1.5/lib/mongrel.rb:158:in `process_client'
    /Library/Ruby/Gems/1.8/gems/mongrel-1.1.5/lib/mongrel.rb:285:in `run'
    /Library/Ruby/Gems/1.8/gems/mongrel-1.1.5/lib/mongrel.rb:285:in `initialize'
    /Library/Ruby/Gems/1.8/gems/mongrel-1.1.5/lib/mongrel.rb:285:in `new'
    /Library/Ruby/Gems/1.8/gems/mongrel-1.1.5/lib/mongrel.rb:285:in `run'
    /Library/Ruby/Gems/1.8/gems/mongrel-1.1.5/lib/mongrel.rb:268:in `initialize'
    /Library/Ruby/Gems/1.8/gems/mongrel-1.1.5/lib/mongrel.rb:268:in `new'
    /Library/Ruby/Gems/1.8/gems/mongrel-1.1.5/lib/mongrel.rb:268:in `run'
    /Library/Ruby/Gems/1.8/gems/mongrel-1.1.5/lib/mongrel/configurator.rb:282:in `run'
    /Library/Ruby/Gems/1.8/gems/mongrel-1.1.5/lib/mongrel/configurator.rb:281:in `each'
    /Library/Ruby/Gems/1.8/gems/mongrel-1.1.5/lib/mongrel/configurator.rb:281:in `run'
    /Library/Ruby/Gems/1.8/gems/mongrel-1.1.5/bin/mongrel_rails:128:in `run'
    /Library/Ruby/Gems/1.8/gems/mongrel-1.1.5/lib/mongrel/command.rb:212:in `run'
    /Library/Ruby/Gems/1.8/gems/mongrel-1.1.5/bin/mongrel_rails:281
    /Library/Ruby/Gems/1.8/gems/activesupport-2.2.2/lib/active_support/dependencies.rb:142:in `load_without_new_constant_marking'
    /Library/Ruby/Gems/1.8/gems/activesupport-2.2.2/lib/active_support/dependencies.rb:142:in `load'
    /Library/Ruby/Gems/1.8/gems/activesupport-2.2.2/lib/active_support/dependencies.rb:521:in `new_constants_in'
    /Library/Ruby/Gems/1.8/gems/activesupport-2.2.2/lib/active_support/dependencies.rb:142:in `load'
    /Library/Ruby/Gems/1.8/gems/rails-2.2.2/lib/commands/servers/mongrel.rb:64
    /Library/Ruby/Site/1.8/rubygems/custom_require.rb:31:in `gem_original_require'
    /Library/Ruby/Site/1.8/rubygems/custom_require.rb:31:in `require'
    /Library/Ruby/Gems/1.8/gems/activesupport-2.2.2/lib/active_support/dependencies.rb:153:in `require'
    /Library/Ruby/Gems/1.8/gems/activesupport-2.2.2/lib/active_support/dependencies.rb:521:in `new_constants_in'
    /Library/Ruby/Gems/1.8/gems/activesupport-2.2.2/lib/active_support/dependencies.rb:153:in `require'
    /Library/Ruby/Gems/1.8/gems/rails-2.2.2/lib/commands/server.rb:49
    /Library/Ruby/Site/1.8/rubygems/custom_require.rb:31:in `gem_original_require'
    /Library/Ruby/Site/1.8/rubygems/custom_require.rb:31:in `require'
    script/server:3

Rendering /Library/Ruby/Gems/1.8/gems/actionpack-2.2.2/lib/action_controller/templates/rescues/layout.erb (not_found)


Processing ItemsController#index (for 127.0.0.1 at 2008-12-05 13:34:37) [GET]
  [4;36;1mItem Load (0.4ms)[0m   [0;1mSELECT * FROM "items" [0m
Rendering template within layouts/items
Rendering items/index
Completed in 9ms (View: 5, DB: 0) | 200 OK [http://localhost/items]


Processing ItemsController#index (for 127.0.0.1 at 2008-12-05 13:34:40) [GET]
  [4;35;1mItem Load (0.4ms)[0m   [0mSELECT * FROM "items" [0m
Rendering template within layouts/items
Rendering items/index
Completed in 9ms (View: 5, DB: 0) | 200 OK [http://localhost/items]


Processing ItemsController#index to atom (for 127.0.0.1 at 2008-12-05 13:35:07) [GET]
  [4;36;1mItem Load (0.4ms)[0m   [0;1mSELECT * FROM "items" [0m
Completed in 6ms (View: 2, DB: 0) | 200 OK [http://localhost/items.atom]


Processing ItemsController#index (for 127.0.0.1 at 2008-12-05 13:37:12) [GET]
  [4;35;1mItem Load (0.4ms)[0m   [0mSELECT * FROM "items" [0m
Rendering template within layouts/items
Rendering items/index


ActionView::TemplateError (undefined method `formatted_posts_path' for #<ActionView::Base:0x22b9178>) on line #9 of app/views/layouts/items.html.erb:
6:   <meta http-equiv="content-type" content="text/html;charset=UTF-8" />
7:   <title>Items: <%= controller.action_name %></title>
8:   <%= stylesheet_link_tag 'scaffold' %>
9: 	<%= auto_discovery_link_tage :atom, formatted_posts_path(:atom) %>
10: </head>
11: <body>
12: 

    app/views/layouts/items.html.erb:9
    /Library/Ruby/Gems/1.8/gems/actionpack-2.2.2/lib/action_view/renderable.rb:39:in `send'
    /Library/Ruby/Gems/1.8/gems/actionpack-2.2.2/lib/action_view/renderable.rb:39:in `render'
    /Library/Ruby/Gems/1.8/gems/actionpack-2.2.2/lib/action_view/template.rb:73:in `render_template'
    /Library/Ruby/Gems/1.8/gems/actionpack-2.2.2/lib/action_view/base.rb:256:in `render'
    /Library/Ruby/Gems/1.8/gems/actionpack-2.2.2/lib/action_view/base.rb:371:in `_render_with_layout'
    /Library/Ruby/Gems/1.8/gems/actionpack-2.2.2/lib/action_view/base.rb:254:in `render'
    /Library/Ruby/Gems/1.8/gems/actionpack-2.2.2/lib/action_controller/base.rb:1174:in `render_for_file'
    /Library/Ruby/Gems/1.8/gems/actionpack-2.2.2/lib/action_controller/base.rb:905:in `render_without_benchmark'
    /Library/Ruby/Gems/1.8/gems/actionpack-2.2.2/lib/action_controller/benchmarking.rb:51:in `render'
    /Library/Ruby/Gems/1.8/gems/activesupport-2.2.2/lib/active_support/core_ext/benchmark.rb:8:in `realtime'
    /Library/Ruby/Gems/1.8/gems/actionpack-2.2.2/lib/action_controller/benchmarking.rb:51:in `render'
    /Library/Ruby/Gems/1.8/gems/actionpack-2.2.2/lib/action_controller/mime_responds.rb:135:in `send'
    /Library/Ruby/Gems/1.8/gems/actionpack-2.2.2/lib/action_controller/mime_responds.rb:135:in `custom'
    /Library/Ruby/Gems/1.8/gems/actionpack-2.2.2/lib/action_controller/mime_responds.rb:164:in `call'
    /Library/Ruby/Gems/1.8/gems/actionpack-2.2.2/lib/action_controller/mime_responds.rb:164:in `respond'
    /Library/Ruby/Gems/1.8/gems/actionpack-2.2.2/lib/action_controller/mime_responds.rb:158:in `each'
    /Library/Ruby/Gems/1.8/gems/actionpack-2.2.2/lib/action_controller/mime_responds.rb:158:in `respond'
    /Library/Ruby/Gems/1.8/gems/actionpack-2.2.2/lib/action_controller/mime_responds.rb:107:in `respond_to'
    app/controllers/items_controller.rb:7:in `index'
    /Library/Ruby/Gems/1.8/gems/actionpack-2.2.2/lib/action_controller/base.rb:1253:in `send'
    /Library/Ruby/Gems/1.8/gems/actionpack-2.2.2/lib/action_controller/base.rb:1253:in `perform_action_without_filters'
    /Library/Ruby/Gems/1.8/gems/actionpack-2.2.2/lib/action_controller/filters.rb:617:in `call_filters'
    /Library/Ruby/Gems/1.8/gems/actionpack-2.2.2/lib/action_controller/filters.rb:610:in `perform_action_without_benchmark'
    /Library/Ruby/Gems/1.8/gems/actionpack-2.2.2/lib/action_controller/benchmarking.rb:68:in `perform_action_without_rescue'
    /System/Library/Frameworks/Ruby.framework/Versions/1.8/usr/lib/ruby/1.8/benchmark.rb:293:in `measure'
    /Library/Ruby/Gems/1.8/gems/actionpack-2.2.2/lib/action_controller/benchmarking.rb:68:in `perform_action_without_rescue'
    /Library/Ruby/Gems/1.8/gems/actionpack-2.2.2/lib/action_controller/rescue.rb:136:in `perform_action_without_caching'
    /Library/Ruby/Gems/1.8/gems/actionpack-2.2.2/lib/action_controller/caching/sql_cache.rb:13:in `perform_action'
    /Library/Ruby/Gems/1.8/gems/activerecord-2.2.2/lib/active_record/connection_adapters/abstract/query_cache.rb:34:in `cache'
    /Library/Ruby/Gems/1.8/gems/activerecord-2.2.2/lib/active_record/query_cache.rb:8:in `cache'
    /Library/Ruby/Gems/1.8/gems/actionpack-2.2.2/lib/action_controller/caching/sql_cache.rb:12:in `perform_action'
    /Library/Ruby/Gems/1.8/gems/actionpack-2.2.2/lib/action_controller/base.rb:524:in `send'
    /Library/Ruby/Gems/1.8/gems/actionpack-2.2.2/lib/action_controller/base.rb:524:in `process_without_filters'
    /Library/Ruby/Gems/1.8/gems/actionpack-2.2.2/lib/action_controller/filters.rb:606:in `process_without_session_management_support'
    /Library/Ruby/Gems/1.8/gems/actionpack-2.2.2/lib/action_controller/session_management.rb:134:in `process'
    /Library/Ruby/Gems/1.8/gems/actionpack-2.2.2/lib/action_controller/base.rb:392:in `process'
    /Library/Ruby/Gems/1.8/gems/actionpack-2.2.2/lib/action_controller/dispatcher.rb:183:in `handle_request'
    /Library/Ruby/Gems/1.8/gems/actionpack-2.2.2/lib/action_controller/dispatcher.rb:110:in `dispatch_unlocked'
    /Library/Ruby/Gems/1.8/gems/actionpack-2.2.2/lib/action_controller/dispatcher.rb:123:in `dispatch'
    /Library/Ruby/Gems/1.8/gems/actionpack-2.2.2/lib/action_controller/dispatcher.rb:122:in `synchronize'
    /Library/Ruby/Gems/1.8/gems/actionpack-2.2.2/lib/action_controller/dispatcher.rb:122:in `dispatch'
    /Library/Ruby/Gems/1.8/gems/actionpack-2.2.2/lib/action_controller/dispatcher.rb:132:in `dispatch_cgi'
    /Library/Ruby/Gems/1.8/gems/actionpack-2.2.2/lib/action_controller/dispatcher.rb:39:in `dispatch'
    /Library/Ruby/Gems/1.8/gems/mongrel-1.1.5/lib/mongrel/rails.rb:76:in `process'
    /Library/Ruby/Gems/1.8/gems/mongrel-1.1.5/lib/mongrel/rails.rb:74:in `synchronize'
    /Library/Ruby/Gems/1.8/gems/mongrel-1.1.5/lib/mongrel/rails.rb:74:in `process'
    /Library/Ruby/Gems/1.8/gems/mongrel-1.1.5/lib/mongrel.rb:159:in `process_client'
    /Library/Ruby/Gems/1.8/gems/mongrel-1.1.5/lib/mongrel.rb:158:in `each'
    /Library/Ruby/Gems/1.8/gems/mongrel-1.1.5/lib/mongrel.rb:158:in `process_client'
    /Library/Ruby/Gems/1.8/gems/mongrel-1.1.5/lib/mongrel.rb:285:in `run'
    /Library/Ruby/Gems/1.8/gems/mongrel-1.1.5/lib/mongrel.rb:285:in `initialize'
    /Library/Ruby/Gems/1.8/gems/mongrel-1.1.5/lib/mongrel.rb:285:in `new'
    /Library/Ruby/Gems/1.8/gems/mongrel-1.1.5/lib/mongrel.rb:285:in `run'
    /Library/Ruby/Gems/1.8/gems/mongrel-1.1.5/lib/mongrel.rb:268:in `initialize'
    /Library/Ruby/Gems/1.8/gems/mongrel-1.1.5/lib/mongrel.rb:268:in `new'
    /Library/Ruby/Gems/1.8/gems/mongrel-1.1.5/lib/mongrel.rb:268:in `run'
    /Library/Ruby/Gems/1.8/gems/mongrel-1.1.5/lib/mongrel/configurator.rb:282:in `run'
    /Library/Ruby/Gems/1.8/gems/mongrel-1.1.5/lib/mongrel/configurator.rb:281:in `each'
    /Library/Ruby/Gems/1.8/gems/mongrel-1.1.5/lib/mongrel/configurator.rb:281:in `run'
    /Library/Ruby/Gems/1.8/gems/mongrel-1.1.5/bin/mongrel_rails:128:in `run'
    /Library/Ruby/Gems/1.8/gems/mongrel-1.1.5/lib/mongrel/command.rb:212:in `run'
    /Library/Ruby/Gems/1.8/gems/mongrel-1.1.5/bin/mongrel_rails:281
    /Library/Ruby/Gems/1.8/gems/activesupport-2.2.2/lib/active_support/dependencies.rb:142:in `load_without_new_constant_marking'
    /Library/Ruby/Gems/1.8/gems/activesupport-2.2.2/lib/active_support/dependencies.rb:142:in `load'
    /Library/Ruby/Gems/1.8/gems/activesupport-2.2.2/lib/active_support/dependencies.rb:521:in `new_constants_in'
    /Library/Ruby/Gems/1.8/gems/activesupport-2.2.2/lib/active_support/dependencies.rb:142:in `load'
    /Library/Ruby/Gems/1.8/gems/rails-2.2.2/lib/commands/servers/mongrel.rb:64
    /Library/Ruby/Site/1.8/rubygems/custom_require.rb:31:in `gem_original_require'
    /Library/Ruby/Site/1.8/rubygems/custom_require.rb:31:in `require'
    /Library/Ruby/Gems/1.8/gems/activesupport-2.2.2/lib/active_support/dependencies.rb:153:in `require'
    /Library/Ruby/Gems/1.8/gems/activesupport-2.2.2/lib/active_support/dependencies.rb:521:in `new_constants_in'
    /Library/Ruby/Gems/1.8/gems/activesupport-2.2.2/lib/active_support/dependencies.rb:153:in `require'
    /Library/Ruby/Gems/1.8/gems/rails-2.2.2/lib/commands/server.rb:49
    /Library/Ruby/Site/1.8/rubygems/custom_require.rb:31:in `gem_original_require'
    /Library/Ruby/Site/1.8/rubygems/custom_require.rb:31:in `require'
    script/server:3

Rendered /Library/Ruby/Gems/1.8/gems/actionpack-2.2.2/lib/action_controller/templates/rescues/_trace (32.5ms)
Rendered /Library/Ruby/Gems/1.8/gems/actionpack-2.2.2/lib/action_controller/templates/rescues/_request_and_response (0.8ms)
Rendering /Library/Ruby/Gems/1.8/gems/actionpack-2.2.2/lib/action_controller/templates/rescues/layout.erb (internal_server_error)


Processing ItemsController#index (for 127.0.0.1 at 2008-12-05 13:37:37) [GET]
  [4;36;1mItem Load (0.4ms)[0m   [0;1mSELECT * FROM "items" [0m
Rendering template within layouts/items
Rendering items/index


ActionView::TemplateError (undefined method `formatted_posts_path' for #<ActionView::Base:0x23efd58>) on line #9 of app/views/layouts/items.html.erb:
6:   <meta http-equiv="content-type" content="text/html;charset=UTF-8" />
7:   <title>Items: <%= controller.action_name %></title>
8:   <%= stylesheet_link_tag 'scaffold' %>
9: 	<%= auto_discovery_link_tag :atom, formatted_posts_path(:atom) %>
10: </head>
11: <body>
12: 

    app/views/layouts/items.html.erb:9
    /Library/Ruby/Gems/1.8/gems/actionpack-2.2.2/lib/action_view/renderable.rb:39:in `send'
    /Library/Ruby/Gems/1.8/gems/actionpack-2.2.2/lib/action_view/renderable.rb:39:in `render'
    /Library/Ruby/Gems/1.8/gems/actionpack-2.2.2/lib/action_view/template.rb:73:in `render_template'
    /Library/Ruby/Gems/1.8/gems/actionpack-2.2.2/lib/action_view/base.rb:256:in `render'
    /Library/Ruby/Gems/1.8/gems/actionpack-2.2.2/lib/action_view/base.rb:371:in `_render_with_layout'
    /Library/Ruby/Gems/1.8/gems/actionpack-2.2.2/lib/action_view/base.rb:254:in `render'
    /Library/Ruby/Gems/1.8/gems/actionpack-2.2.2/lib/action_controller/base.rb:1174:in `render_for_file'
    /Library/Ruby/Gems/1.8/gems/actionpack-2.2.2/lib/action_controller/base.rb:905:in `render_without_benchmark'
    /Library/Ruby/Gems/1.8/gems/actionpack-2.2.2/lib/action_controller/benchmarking.rb:51:in `render'
    /Library/Ruby/Gems/1.8/gems/activesupport-2.2.2/lib/active_support/core_ext/benchmark.rb:8:in `realtime'
    /Library/Ruby/Gems/1.8/gems/actionpack-2.2.2/lib/action_controller/benchmarking.rb:51:in `render'
    /Library/Ruby/Gems/1.8/gems/actionpack-2.2.2/lib/action_controller/mime_responds.rb:135:in `send'
    /Library/Ruby/Gems/1.8/gems/actionpack-2.2.2/lib/action_controller/mime_responds.rb:135:in `custom'
    /Library/Ruby/Gems/1.8/gems/actionpack-2.2.2/lib/action_controller/mime_responds.rb:164:in `call'
    /Library/Ruby/Gems/1.8/gems/actionpack-2.2.2/lib/action_controller/mime_responds.rb:164:in `respond'
    /Library/Ruby/Gems/1.8/gems/actionpack-2.2.2/lib/action_controller/mime_responds.rb:158:in `each'
    /Library/Ruby/Gems/1.8/gems/actionpack-2.2.2/lib/action_controller/mime_responds.rb:158:in `respond'
    /Library/Ruby/Gems/1.8/gems/actionpack-2.2.2/lib/action_controller/mime_responds.rb:107:in `respond_to'
    app/controllers/items_controller.rb:7:in `index'
    /Library/Ruby/Gems/1.8/gems/actionpack-2.2.2/lib/action_controller/base.rb:1253:in `send'
    /Library/Ruby/Gems/1.8/gems/actionpack-2.2.2/lib/action_controller/base.rb:1253:in `perform_action_without_filters'
    /Library/Ruby/Gems/1.8/gems/actionpack-2.2.2/lib/action_controller/filters.rb:617:in `call_filters'
    /Library/Ruby/Gems/1.8/gems/actionpack-2.2.2/lib/action_controller/filters.rb:610:in `perform_action_without_benchmark'
    /Library/Ruby/Gems/1.8/gems/actionpack-2.2.2/lib/action_controller/benchmarking.rb:68:in `perform_action_without_rescue'
    /System/Library/Frameworks/Ruby.framework/Versions/1.8/usr/lib/ruby/1.8/benchmark.rb:293:in `measure'
    /Library/Ruby/Gems/1.8/gems/actionpack-2.2.2/lib/action_controller/benchmarking.rb:68:in `perform_action_without_rescue'
    /Library/Ruby/Gems/1.8/gems/actionpack-2.2.2/lib/action_controller/rescue.rb:136:in `perform_action_without_caching'
    /Library/Ruby/Gems/1.8/gems/actionpack-2.2.2/lib/action_controller/caching/sql_cache.rb:13:in `perform_action'
    /Library/Ruby/Gems/1.8/gems/activerecord-2.2.2/lib/active_record/connection_adapters/abstract/query_cache.rb:34:in `cache'
    /Library/Ruby/Gems/1.8/gems/activerecord-2.2.2/lib/active_record/query_cache.rb:8:in `cache'
    /Library/Ruby/Gems/1.8/gems/actionpack-2.2.2/lib/action_controller/caching/sql_cache.rb:12:in `perform_action'
    /Library/Ruby/Gems/1.8/gems/actionpack-2.2.2/lib/action_controller/base.rb:524:in `send'
    /Library/Ruby/Gems/1.8/gems/actionpack-2.2.2/lib/action_controller/base.rb:524:in `process_without_filters'
    /Library/Ruby/Gems/1.8/gems/actionpack-2.2.2/lib/action_controller/filters.rb:606:in `process_without_session_management_support'
    /Library/Ruby/Gems/1.8/gems/actionpack-2.2.2/lib/action_controller/session_management.rb:134:in `process'
    /Library/Ruby/Gems/1.8/gems/actionpack-2.2.2/lib/action_controller/base.rb:392:in `process'
    /Library/Ruby/Gems/1.8/gems/actionpack-2.2.2/lib/action_controller/dispatcher.rb:183:in `handle_request'
    /Library/Ruby/Gems/1.8/gems/actionpack-2.2.2/lib/action_controller/dispatcher.rb:110:in `dispatch_unlocked'
    /Library/Ruby/Gems/1.8/gems/actionpack-2.2.2/lib/action_controller/dispatcher.rb:123:in `dispatch'
    /Library/Ruby/Gems/1.8/gems/actionpack-2.2.2/lib/action_controller/dispatcher.rb:122:in `synchronize'
    /Library/Ruby/Gems/1.8/gems/actionpack-2.2.2/lib/action_controller/dispatcher.rb:122:in `dispatch'
    /Library/Ruby/Gems/1.8/gems/actionpack-2.2.2/lib/action_controller/dispatcher.rb:132:in `dispatch_cgi'
    /Library/Ruby/Gems/1.8/gems/actionpack-2.2.2/lib/action_controller/dispatcher.rb:39:in `dispatch'
    /Library/Ruby/Gems/1.8/gems/mongrel-1.1.5/lib/mongrel/rails.rb:76:in `process'
    /Library/Ruby/Gems/1.8/gems/mongrel-1.1.5/lib/mongrel/rails.rb:74:in `synchronize'
    /Library/Ruby/Gems/1.8/gems/mongrel-1.1.5/lib/mongrel/rails.rb:74:in `process'
    /Library/Ruby/Gems/1.8/gems/mongrel-1.1.5/lib/mongrel.rb:159:in `process_client'
    /Library/Ruby/Gems/1.8/gems/mongrel-1.1.5/lib/mongrel.rb:158:in `each'
    /Library/Ruby/Gems/1.8/gems/mongrel-1.1.5/lib/mongrel.rb:158:in `process_client'
    /Library/Ruby/Gems/1.8/gems/mongrel-1.1.5/lib/mongrel.rb:285:in `run'
    /Library/Ruby/Gems/1.8/gems/mongrel-1.1.5/lib/mongrel.rb:285:in `initialize'
    /Library/Ruby/Gems/1.8/gems/mongrel-1.1.5/lib/mongrel.rb:285:in `new'
    /Library/Ruby/Gems/1.8/gems/mongrel-1.1.5/lib/mongrel.rb:285:in `run'
    /Library/Ruby/Gems/1.8/gems/mongrel-1.1.5/lib/mongrel.rb:268:in `initialize'
    /Library/Ruby/Gems/1.8/gems/mongrel-1.1.5/lib/mongrel.rb:268:in `new'
    /Library/Ruby/Gems/1.8/gems/mongrel-1.1.5/lib/mongrel.rb:268:in `run'
    /Library/Ruby/Gems/1.8/gems/mongrel-1.1.5/lib/mongrel/configurator.rb:282:in `run'
    /Library/Ruby/Gems/1.8/gems/mongrel-1.1.5/lib/mongrel/configurator.rb:281:in `each'
    /Library/Ruby/Gems/1.8/gems/mongrel-1.1.5/lib/mongrel/configurator.rb:281:in `run'
    /Library/Ruby/Gems/1.8/gems/mongrel-1.1.5/bin/mongrel_rails:128:in `run'
    /Library/Ruby/Gems/1.8/gems/mongrel-1.1.5/lib/mongrel/command.rb:212:in `run'
    /Library/Ruby/Gems/1.8/gems/mongrel-1.1.5/bin/mongrel_rails:281
    /Library/Ruby/Gems/1.8/gems/activesupport-2.2.2/lib/active_support/dependencies.rb:142:in `load_without_new_constant_marking'
    /Library/Ruby/Gems/1.8/gems/activesupport-2.2.2/lib/active_support/dependencies.rb:142:in `load'
    /Library/Ruby/Gems/1.8/gems/activesupport-2.2.2/lib/active_support/dependencies.rb:521:in `new_constants_in'
    /Library/Ruby/Gems/1.8/gems/activesupport-2.2.2/lib/active_support/dependencies.rb:142:in `load'
    /Library/Ruby/Gems/1.8/gems/rails-2.2.2/lib/commands/servers/mongrel.rb:64
    /Library/Ruby/Site/1.8/rubygems/custom_require.rb:31:in `gem_original_require'
    /Library/Ruby/Site/1.8/rubygems/custom_require.rb:31:in `require'
    /Library/Ruby/Gems/1.8/gems/activesupport-2.2.2/lib/active_support/dependencies.rb:153:in `require'
    /Library/Ruby/Gems/1.8/gems/activesupport-2.2.2/lib/active_support/dependencies.rb:521:in `new_constants_in'
    /Library/Ruby/Gems/1.8/gems/activesupport-2.2.2/lib/active_support/dependencies.rb:153:in `require'
    /Library/Ruby/Gems/1.8/gems/rails-2.2.2/lib/commands/server.rb:49
    /Library/Ruby/Site/1.8/rubygems/custom_require.rb:31:in `gem_original_require'
    /Library/Ruby/Site/1.8/rubygems/custom_require.rb:31:in `require'
    script/server:3

Rendered /Library/Ruby/Gems/1.8/gems/actionpack-2.2.2/lib/action_controller/templates/rescues/_trace (96.9ms)
Rendered /Library/Ruby/Gems/1.8/gems/actionpack-2.2.2/lib/action_controller/templates/rescues/_request_and_response (0.9ms)
Rendering /Library/Ruby/Gems/1.8/gems/actionpack-2.2.2/lib/action_controller/templates/rescues/layout.erb (internal_server_error)


Processing ItemsController#index (for 127.0.0.1 at 2008-12-05 13:37:38) [GET]
  [4;35;1mItem Load (0.4ms)[0m   [0mSELECT * FROM "items" [0m
Rendering template within layouts/items
Rendering items/index


ActionView::TemplateError (undefined method `formatted_posts_path' for #<ActionView::Base:0x248c234>) on line #9 of app/views/layouts/items.html.erb:
6:   <meta http-equiv="content-type" content="text/html;charset=UTF-8" />
7:   <title>Items: <%= controller.action_name %></title>
8:   <%= stylesheet_link_tag 'scaffold' %>
9: 	<%= auto_discovery_link_tag :atom, formatted_posts_path(:atom) %>
10: </head>
11: <body>
12: 

    app/views/layouts/items.html.erb:9
    /Library/Ruby/Gems/1.8/gems/actionpack-2.2.2/lib/action_view/renderable.rb:39:in `send'
    /Library/Ruby/Gems/1.8/gems/actionpack-2.2.2/lib/action_view/renderable.rb:39:in `render'
    /Library/Ruby/Gems/1.8/gems/actionpack-2.2.2/lib/action_view/template.rb:73:in `render_template'
    /Library/Ruby/Gems/1.8/gems/actionpack-2.2.2/lib/action_view/base.rb:256:in `render'
    /Library/Ruby/Gems/1.8/gems/actionpack-2.2.2/lib/action_view/base.rb:371:in `_render_with_layout'
    /Library/Ruby/Gems/1.8/gems/actionpack-2.2.2/lib/action_view/base.rb:254:in `render'
    /Library/Ruby/Gems/1.8/gems/actionpack-2.2.2/lib/action_controller/base.rb:1174:in `render_for_file'
    /Library/Ruby/Gems/1.8/gems/actionpack-2.2.2/lib/action_controller/base.rb:905:in `render_without_benchmark'
    /Library/Ruby/Gems/1.8/gems/actionpack-2.2.2/lib/action_controller/benchmarking.rb:51:in `render'
    /Library/Ruby/Gems/1.8/gems/activesupport-2.2.2/lib/active_support/core_ext/benchmark.rb:8:in `realtime'
    /Library/Ruby/Gems/1.8/gems/actionpack-2.2.2/lib/action_controller/benchmarking.rb:51:in `render'
    /Library/Ruby/Gems/1.8/gems/actionpack-2.2.2/lib/action_controller/mime_responds.rb:135:in `send'
    /Library/Ruby/Gems/1.8/gems/actionpack-2.2.2/lib/action_controller/mime_responds.rb:135:in `custom'
    /Library/Ruby/Gems/1.8/gems/actionpack-2.2.2/lib/action_controller/mime_responds.rb:164:in `call'
    /Library/Ruby/Gems/1.8/gems/actionpack-2.2.2/lib/action_controller/mime_responds.rb:164:in `respond'
    /Library/Ruby/Gems/1.8/gems/actionpack-2.2.2/lib/action_controller/mime_responds.rb:158:in `each'
    /Library/Ruby/Gems/1.8/gems/actionpack-2.2.2/lib/action_controller/mime_responds.rb:158:in `respond'
    /Library/Ruby/Gems/1.8/gems/actionpack-2.2.2/lib/action_controller/mime_responds.rb:107:in `respond_to'
    app/controllers/items_controller.rb:7:in `index'
    /Library/Ruby/Gems/1.8/gems/actionpack-2.2.2/lib/action_controller/base.rb:1253:in `send'
    /Library/Ruby/Gems/1.8/gems/actionpack-2.2.2/lib/action_controller/base.rb:1253:in `perform_action_without_filters'
    /Library/Ruby/Gems/1.8/gems/actionpack-2.2.2/lib/action_controller/filters.rb:617:in `call_filters'
    /Library/Ruby/Gems/1.8/gems/actionpack-2.2.2/lib/action_controller/filters.rb:610:in `perform_action_without_benchmark'
    /Library/Ruby/Gems/1.8/gems/actionpack-2.2.2/lib/action_controller/benchmarking.rb:68:in `perform_action_without_rescue'
    /System/Library/Frameworks/Ruby.framework/Versions/1.8/usr/lib/ruby/1.8/benchmark.rb:293:in `measure'
    /Library/Ruby/Gems/1.8/gems/actionpack-2.2.2/lib/action_controller/benchmarking.rb:68:in `perform_action_without_rescue'
    /Library/Ruby/Gems/1.8/gems/actionpack-2.2.2/lib/action_controller/rescue.rb:136:in `perform_action_without_caching'
    /Library/Ruby/Gems/1.8/gems/actionpack-2.2.2/lib/action_controller/caching/sql_cache.rb:13:in `perform_action'
    /Library/Ruby/Gems/1.8/gems/activerecord-2.2.2/lib/active_record/connection_adapters/abstract/query_cache.rb:34:in `cache'
    /Library/Ruby/Gems/1.8/gems/activerecord-2.2.2/lib/active_record/query_cache.rb:8:in `cache'
    /Library/Ruby/Gems/1.8/gems/actionpack-2.2.2/lib/action_controller/caching/sql_cache.rb:12:in `perform_action'
    /Library/Ruby/Gems/1.8/gems/actionpack-2.2.2/lib/action_controller/base.rb:524:in `send'
    /Library/Ruby/Gems/1.8/gems/actionpack-2.2.2/lib/action_controller/base.rb:524:in `process_without_filters'
    /Library/Ruby/Gems/1.8/gems/actionpack-2.2.2/lib/action_controller/filters.rb:606:in `process_without_session_management_support'
    /Library/Ruby/Gems/1.8/gems/actionpack-2.2.2/lib/action_controller/session_management.rb:134:in `process'
    /Library/Ruby/Gems/1.8/gems/actionpack-2.2.2/lib/action_controller/base.rb:392:in `process'
    /Library/Ruby/Gems/1.8/gems/actionpack-2.2.2/lib/action_controller/dispatcher.rb:183:in `handle_request'
    /Library/Ruby/Gems/1.8/gems/actionpack-2.2.2/lib/action_controller/dispatcher.rb:110:in `dispatch_unlocked'
    /Library/Ruby/Gems/1.8/gems/actionpack-2.2.2/lib/action_controller/dispatcher.rb:123:in `dispatch'
    /Library/Ruby/Gems/1.8/gems/actionpack-2.2.2/lib/action_controller/dispatcher.rb:122:in `synchronize'
    /Library/Ruby/Gems/1.8/gems/actionpack-2.2.2/lib/action_controller/dispatcher.rb:122:in `dispatch'
    /Library/Ruby/Gems/1.8/gems/actionpack-2.2.2/lib/action_controller/dispatcher.rb:132:in `dispatch_cgi'
    /Library/Ruby/Gems/1.8/gems/actionpack-2.2.2/lib/action_controller/dispatcher.rb:39:in `dispatch'
    /Library/Ruby/Gems/1.8/gems/mongrel-1.1.5/lib/mongrel/rails.rb:76:in `process'
    /Library/Ruby/Gems/1.8/gems/mongrel-1.1.5/lib/mongrel/rails.rb:74:in `synchronize'
    /Library/Ruby/Gems/1.8/gems/mongrel-1.1.5/lib/mongrel/rails.rb:74:in `process'
    /Library/Ruby/Gems/1.8/gems/mongrel-1.1.5/lib/mongrel.rb:159:in `process_client'
    /Library/Ruby/Gems/1.8/gems/mongrel-1.1.5/lib/mongrel.rb:158:in `each'
    /Library/Ruby/Gems/1.8/gems/mongrel-1.1.5/lib/mongrel.rb:158:in `process_client'
    /Library/Ruby/Gems/1.8/gems/mongrel-1.1.5/lib/mongrel.rb:285:in `run'
    /Library/Ruby/Gems/1.8/gems/mongrel-1.1.5/lib/mongrel.rb:285:in `initialize'
    /Library/Ruby/Gems/1.8/gems/mongrel-1.1.5/lib/mongrel.rb:285:in `new'
    /Library/Ruby/Gems/1.8/gems/mongrel-1.1.5/lib/mongrel.rb:285:in `run'
    /Library/Ruby/Gems/1.8/gems/mongrel-1.1.5/lib/mongrel.rb:268:in `initialize'
    /Library/Ruby/Gems/1.8/gems/mongrel-1.1.5/lib/mongrel.rb:268:in `new'
    /Library/Ruby/Gems/1.8/gems/mongrel-1.1.5/lib/mongrel.rb:268:in `run'
    /Library/Ruby/Gems/1.8/gems/mongrel-1.1.5/lib/mongrel/configurator.rb:282:in `run'
    /Library/Ruby/Gems/1.8/gems/mongrel-1.1.5/lib/mongrel/configurator.rb:281:in `each'
    /Library/Ruby/Gems/1.8/gems/mongrel-1.1.5/lib/mongrel/configurator.rb:281:in `run'
    /Library/Ruby/Gems/1.8/gems/mongrel-1.1.5/bin/mongrel_rails:128:in `run'
    /Library/Ruby/Gems/1.8/gems/mongrel-1.1.5/lib/mongrel/command.rb:212:in `run'
    /Library/Ruby/Gems/1.8/gems/mongrel-1.1.5/bin/mongrel_rails:281
    /Library/Ruby/Gems/1.8/gems/activesupport-2.2.2/lib/active_support/dependencies.rb:142:in `load_without_new_constant_marking'
    /Library/Ruby/Gems/1.8/gems/activesupport-2.2.2/lib/active_support/dependencies.rb:142:in `load'
    /Library/Ruby/Gems/1.8/gems/activesupport-2.2.2/lib/active_support/dependencies.rb:521:in `new_constants_in'
    /Library/Ruby/Gems/1.8/gems/activesupport-2.2.2/lib/active_support/dependencies.rb:142:in `load'
    /Library/Ruby/Gems/1.8/gems/rails-2.2.2/lib/commands/servers/mongrel.rb:64
    /Library/Ruby/Site/1.8/rubygems/custom_require.rb:31:in `gem_original_require'
    /Library/Ruby/Site/1.8/rubygems/custom_require.rb:31:in `require'
    /Library/Ruby/Gems/1.8/gems/activesupport-2.2.2/lib/active_support/dependencies.rb:153:in `require'
    /Library/Ruby/Gems/1.8/gems/activesupport-2.2.2/lib/active_support/dependencies.rb:521:in `new_constants_in'
    /Library/Ruby/Gems/1.8/gems/activesupport-2.2.2/lib/active_support/dependencies.rb:153:in `require'
    /Library/Ruby/Gems/1.8/gems/rails-2.2.2/lib/commands/server.rb:49
    /Library/Ruby/Site/1.8/rubygems/custom_require.rb:31:in `gem_original_require'
    /Library/Ruby/Site/1.8/rubygems/custom_require.rb:31:in `require'
    script/server:3

Rendered /Library/Ruby/Gems/1.8/gems/actionpack-2.2.2/lib/action_controller/templates/rescues/_trace (31.8ms)
Rendered /Library/Ruby/Gems/1.8/gems/actionpack-2.2.2/lib/action_controller/templates/rescues/_request_and_response (0.7ms)
Rendering /Library/Ruby/Gems/1.8/gems/actionpack-2.2.2/lib/action_controller/templates/rescues/layout.erb (internal_server_error)


Processing ItemsController#index (for 127.0.0.1 at 2008-12-05 13:38:12) [GET]
  [4;36;1mItem Load (0.4ms)[0m   [0;1mSELECT * FROM "items" [0m
Rendering template within layouts/items
Rendering items/index
Completed in 10ms (View: 5, DB: 0) | 200 OK [http://localhost/items]


Processing ItemsController#index (for 127.0.0.1 at 2008-12-05 13:38:13) [GET]
  [4;35;1mItem Load (0.4ms)[0m   [0mSELECT * FROM "items" [0m
Rendering template within layouts/items
Rendering items/index
Completed in 9ms (View: 5, DB: 0) | 200 OK [http://localhost/items]


Processing ItemsController#index to atom (for 127.0.0.1 at 2008-12-05 13:38:24) [GET]
  [4;36;1mItem Load (0.4ms)[0m   [0;1mSELECT * FROM "items" [0m
Completed in 6ms (View: 2, DB: 0) | 200 OK [http://localhost/items.atom]


Processing ItemsController#index (for 127.0.0.1 at 2008-12-05 13:38:59) [GET]
  [4;35;1mItem Load (0.4ms)[0m   [0mSELECT * FROM "items" [0m
Rendering template within layouts/items
Rendering items/index
Completed in 9ms (View: 5, DB: 0) | 200 OK [http://localhost/items]


Processing ItemsController#index to atom (for 127.0.0.1 at 2008-12-05 13:39:29) [GET]
  [4;36;1mItem Load (0.4ms)[0m   [0;1mSELECT * FROM "items" [0m
Completed in 6ms (View: 2, DB: 0) | 200 OK [http://localhost/items.atom]


Processing ItemsController#index (for 127.0.0.1 at 2008-12-05 13:39:32) [GET]
  [4;35;1mItem Load (0.4ms)[0m   [0mSELECT * FROM "items" [0m
Rendering template within layouts/items
Rendering items/index


ActionView::TemplateError (undefined method `formatted_posts_path' for #<ActionView::Base:0x233d5a4>) on line #9 of app/views/layouts/items.html.erb:
6:   <meta http-equiv="content-type" content="text/html;charset=UTF-8" />
7:   <title>Items: <%= controller.action_name %></title>
8:   <%= stylesheet_link_tag 'scaffold' %>
9: 	<%= auto_discovery_link_tag :atom, formatted_posts_path(:atom) %>
10: </head>
11: <body>
12: 

    app/views/layouts/items.html.erb:9
    /Library/Ruby/Gems/1.8/gems/actionpack-2.2.2/lib/action_view/renderable.rb:39:in `send'
    /Library/Ruby/Gems/1.8/gems/actionpack-2.2.2/lib/action_view/renderable.rb:39:in `render'
    /Library/Ruby/Gems/1.8/gems/actionpack-2.2.2/lib/action_view/template.rb:73:in `render_template'
    /Library/Ruby/Gems/1.8/gems/actionpack-2.2.2/lib/action_view/base.rb:256:in `render'
    /Library/Ruby/Gems/1.8/gems/actionpack-2.2.2/lib/action_view/base.rb:371:in `_render_with_layout'
    /Library/Ruby/Gems/1.8/gems/actionpack-2.2.2/lib/action_view/base.rb:254:in `render'
    /Library/Ruby/Gems/1.8/gems/actionpack-2.2.2/lib/action_controller/base.rb:1174:in `render_for_file'
    /Library/Ruby/Gems/1.8/gems/actionpack-2.2.2/lib/action_controller/base.rb:905:in `render_without_benchmark'
    /Library/Ruby/Gems/1.8/gems/actionpack-2.2.2/lib/action_controller/benchmarking.rb:51:in `render'
    /Library/Ruby/Gems/1.8/gems/activesupport-2.2.2/lib/active_support/core_ext/benchmark.rb:8:in `realtime'
    /Library/Ruby/Gems/1.8/gems/actionpack-2.2.2/lib/action_controller/benchmarking.rb:51:in `render'
    /Library/Ruby/Gems/1.8/gems/actionpack-2.2.2/lib/action_controller/mime_responds.rb:135:in `send'
    /Library/Ruby/Gems/1.8/gems/actionpack-2.2.2/lib/action_controller/mime_responds.rb:135:in `custom'
    /Library/Ruby/Gems/1.8/gems/actionpack-2.2.2/lib/action_controller/mime_responds.rb:164:in `call'
    /Library/Ruby/Gems/1.8/gems/actionpack-2.2.2/lib/action_controller/mime_responds.rb:164:in `respond'
    /Library/Ruby/Gems/1.8/gems/actionpack-2.2.2/lib/action_controller/mime_responds.rb:158:in `each'
    /Library/Ruby/Gems/1.8/gems/actionpack-2.2.2/lib/action_controller/mime_responds.rb:158:in `respond'
    /Library/Ruby/Gems/1.8/gems/actionpack-2.2.2/lib/action_controller/mime_responds.rb:107:in `respond_to'
    app/controllers/items_controller.rb:7:in `index'
    /Library/Ruby/Gems/1.8/gems/actionpack-2.2.2/lib/action_controller/base.rb:1253:in `send'
    /Library/Ruby/Gems/1.8/gems/actionpack-2.2.2/lib/action_controller/base.rb:1253:in `perform_action_without_filters'
    /Library/Ruby/Gems/1.8/gems/actionpack-2.2.2/lib/action_controller/filters.rb:617:in `call_filters'
    /Library/Ruby/Gems/1.8/gems/actionpack-2.2.2/lib/action_controller/filters.rb:610:in `perform_action_without_benchmark'
    /Library/Ruby/Gems/1.8/gems/actionpack-2.2.2/lib/action_controller/benchmarking.rb:68:in `perform_action_without_rescue'
    /System/Library/Frameworks/Ruby.framework/Versions/1.8/usr/lib/ruby/1.8/benchmark.rb:293:in `measure'
    /Library/Ruby/Gems/1.8/gems/actionpack-2.2.2/lib/action_controller/benchmarking.rb:68:in `perform_action_without_rescue'
    /Library/Ruby/Gems/1.8/gems/actionpack-2.2.2/lib/action_controller/rescue.rb:136:in `perform_action_without_caching'
    /Library/Ruby/Gems/1.8/gems/actionpack-2.2.2/lib/action_controller/caching/sql_cache.rb:13:in `perform_action'
    /Library/Ruby/Gems/1.8/gems/activerecord-2.2.2/lib/active_record/connection_adapters/abstract/query_cache.rb:34:in `cache'
    /Library/Ruby/Gems/1.8/gems/activerecord-2.2.2/lib/active_record/query_cache.rb:8:in `cache'
    /Library/Ruby/Gems/1.8/gems/actionpack-2.2.2/lib/action_controller/caching/sql_cache.rb:12:in `perform_action'
    /Library/Ruby/Gems/1.8/gems/actionpack-2.2.2/lib/action_controller/base.rb:524:in `send'
    /Library/Ruby/Gems/1.8/gems/actionpack-2.2.2/lib/action_controller/base.rb:524:in `process_without_filters'
    /Library/Ruby/Gems/1.8/gems/actionpack-2.2.2/lib/action_controller/filters.rb:606:in `process_without_session_management_support'
    /Library/Ruby/Gems/1.8/gems/actionpack-2.2.2/lib/action_controller/session_management.rb:134:in `process'
    /Library/Ruby/Gems/1.8/gems/actionpack-2.2.2/lib/action_controller/base.rb:392:in `process'
    /Library/Ruby/Gems/1.8/gems/actionpack-2.2.2/lib/action_controller/dispatcher.rb:183:in `handle_request'
    /Library/Ruby/Gems/1.8/gems/actionpack-2.2.2/lib/action_controller/dispatcher.rb:110:in `dispatch_unlocked'
    /Library/Ruby/Gems/1.8/gems/actionpack-2.2.2/lib/action_controller/dispatcher.rb:123:in `dispatch'
    /Library/Ruby/Gems/1.8/gems/actionpack-2.2.2/lib/action_controller/dispatcher.rb:122:in `synchronize'
    /Library/Ruby/Gems/1.8/gems/actionpack-2.2.2/lib/action_controller/dispatcher.rb:122:in `dispatch'
    /Library/Ruby/Gems/1.8/gems/actionpack-2.2.2/lib/action_controller/dispatcher.rb:132:in `dispatch_cgi'
    /Library/Ruby/Gems/1.8/gems/actionpack-2.2.2/lib/action_controller/dispatcher.rb:39:in `dispatch'
    /Library/Ruby/Gems/1.8/gems/mongrel-1.1.5/lib/mongrel/rails.rb:76:in `process'
    /Library/Ruby/Gems/1.8/gems/mongrel-1.1.5/lib/mongrel/rails.rb:74:in `synchronize'
    /Library/Ruby/Gems/1.8/gems/mongrel-1.1.5/lib/mongrel/rails.rb:74:in `process'
    /Library/Ruby/Gems/1.8/gems/mongrel-1.1.5/lib/mongrel.rb:159:in `process_client'
    /Library/Ruby/Gems/1.8/gems/mongrel-1.1.5/lib/mongrel.rb:158:in `each'
    /Library/Ruby/Gems/1.8/gems/mongrel-1.1.5/lib/mongrel.rb:158:in `process_client'
    /Library/Ruby/Gems/1.8/gems/mongrel-1.1.5/lib/mongrel.rb:285:in `run'
    /Library/Ruby/Gems/1.8/gems/mongrel-1.1.5/lib/mongrel.rb:285:in `initialize'
    /Library/Ruby/Gems/1.8/gems/mongrel-1.1.5/lib/mongrel.rb:285:in `new'
    /Library/Ruby/Gems/1.8/gems/mongrel-1.1.5/lib/mongrel.rb:285:in `run'
    /Library/Ruby/Gems/1.8/gems/mongrel-1.1.5/lib/mongrel.rb:268:in `initialize'
    /Library/Ruby/Gems/1.8/gems/mongrel-1.1.5/lib/mongrel.rb:268:in `new'
    /Library/Ruby/Gems/1.8/gems/mongrel-1.1.5/lib/mongrel.rb:268:in `run'
    /Library/Ruby/Gems/1.8/gems/mongrel-1.1.5/lib/mongrel/configurator.rb:282:in `run'
    /Library/Ruby/Gems/1.8/gems/mongrel-1.1.5/lib/mongrel/configurator.rb:281:in `each'
    /Library/Ruby/Gems/1.8/gems/mongrel-1.1.5/lib/mongrel/configurator.rb:281:in `run'
    /Library/Ruby/Gems/1.8/gems/mongrel-1.1.5/bin/mongrel_rails:128:in `run'
    /Library/Ruby/Gems/1.8/gems/mongrel-1.1.5/lib/mongrel/command.rb:212:in `run'
    /Library/Ruby/Gems/1.8/gems/mongrel-1.1.5/bin/mongrel_rails:281
    /Library/Ruby/Gems/1.8/gems/activesupport-2.2.2/lib/active_support/dependencies.rb:142:in `load_without_new_constant_marking'
    /Library/Ruby/Gems/1.8/gems/activesupport-2.2.2/lib/active_support/dependencies.rb:142:in `load'
    /Library/Ruby/Gems/1.8/gems/activesupport-2.2.2/lib/active_support/dependencies.rb:521:in `new_constants_in'
    /Library/Ruby/Gems/1.8/gems/activesupport-2.2.2/lib/active_support/dependencies.rb:142:in `load'
    /Library/Ruby/Gems/1.8/gems/rails-2.2.2/lib/commands/servers/mongrel.rb:64
    /Library/Ruby/Site/1.8/rubygems/custom_require.rb:31:in `gem_original_require'
    /Library/Ruby/Site/1.8/rubygems/custom_require.rb:31:in `require'
    /Library/Ruby/Gems/1.8/gems/activesupport-2.2.2/lib/active_support/dependencies.rb:153:in `require'
    /Library/Ruby/Gems/1.8/gems/activesupport-2.2.2/lib/active_support/dependencies.rb:521:in `new_constants_in'
    /Library/Ruby/Gems/1.8/gems/activesupport-2.2.2/lib/active_support/dependencies.rb:153:in `require'
    /Library/Ruby/Gems/1.8/gems/rails-2.2.2/lib/commands/server.rb:49
    /Library/Ruby/Site/1.8/rubygems/custom_require.rb:31:in `gem_original_require'
    /Library/Ruby/Site/1.8/rubygems/custom_require.rb:31:in `require'
    script/server:3

Rendered /Library/Ruby/Gems/1.8/gems/actionpack-2.2.2/lib/action_controller/templates/rescues/_trace (87.7ms)
Rendered /Library/Ruby/Gems/1.8/gems/actionpack-2.2.2/lib/action_controller/templates/rescues/_request_and_response (0.7ms)
Rendering /Library/Ruby/Gems/1.8/gems/actionpack-2.2.2/lib/action_controller/templates/rescues/layout.erb (internal_server_error)


Processing ItemsController#index to atom (for 127.0.0.1 at 2008-12-05 13:39:35) [GET]
  [4;36;1mItem Load (0.4ms)[0m   [0;1mSELECT * FROM "items" [0m
Completed in 6ms (View: 2, DB: 0) | 200 OK [http://localhost/items.atom]


Processing ItemsController#index to atom (for 127.0.0.1 at 2008-12-05 13:39:35) [GET]
  [4;35;1mItem Load (0.5ms)[0m   [0mSELECT * FROM "items" [0m
Completed in 6ms (View: 2, DB: 1) | 200 OK [http://localhost/items.atom]


Processing ItemsController#index (for 127.0.0.1 at 2008-12-05 13:39:36) [GET]
  [4;36;1mItem Load (0.4ms)[0m   [0;1mSELECT * FROM "items" [0m
Rendering template within layouts/items
Rendering items/index


ActionView::TemplateError (undefined method `formatted_posts_path' for #<ActionView::Base:0x23e063c>) on line #9 of app/views/layouts/items.html.erb:
6:   <meta http-equiv="content-type" content="text/html;charset=UTF-8" />
7:   <title>Items: <%= controller.action_name %></title>
8:   <%= stylesheet_link_tag 'scaffold' %>
9: 	<%= auto_discovery_link_tag :atom, formatted_posts_path(:atom) %>
10: </head>
11: <body>
12: 

    app/views/layouts/items.html.erb:9
    /Library/Ruby/Gems/1.8/gems/actionpack-2.2.2/lib/action_view/renderable.rb:39:in `send'
    /Library/Ruby/Gems/1.8/gems/actionpack-2.2.2/lib/action_view/renderable.rb:39:in `render'
    /Library/Ruby/Gems/1.8/gems/actionpack-2.2.2/lib/action_view/template.rb:73:in `render_template'
    /Library/Ruby/Gems/1.8/gems/actionpack-2.2.2/lib/action_view/base.rb:256:in `render'
    /Library/Ruby/Gems/1.8/gems/actionpack-2.2.2/lib/action_view/base.rb:371:in `_render_with_layout'
    /Library/Ruby/Gems/1.8/gems/actionpack-2.2.2/lib/action_view/base.rb:254:in `render'
    /Library/Ruby/Gems/1.8/gems/actionpack-2.2.2/lib/action_controller/base.rb:1174:in `render_for_file'
    /Library/Ruby/Gems/1.8/gems/actionpack-2.2.2/lib/action_controller/base.rb:905:in `render_without_benchmark'
    /Library/Ruby/Gems/1.8/gems/actionpack-2.2.2/lib/action_controller/benchmarking.rb:51:in `render'
    /Library/Ruby/Gems/1.8/gems/activesupport-2.2.2/lib/active_support/core_ext/benchmark.rb:8:in `realtime'
    /Library/Ruby/Gems/1.8/gems/actionpack-2.2.2/lib/action_controller/benchmarking.rb:51:in `render'
    /Library/Ruby/Gems/1.8/gems/actionpack-2.2.2/lib/action_controller/mime_responds.rb:135:in `send'
    /Library/Ruby/Gems/1.8/gems/actionpack-2.2.2/lib/action_controller/mime_responds.rb:135:in `custom'
    /Library/Ruby/Gems/1.8/gems/actionpack-2.2.2/lib/action_controller/mime_responds.rb:164:in `call'
    /Library/Ruby/Gems/1.8/gems/actionpack-2.2.2/lib/action_controller/mime_responds.rb:164:in `respond'
    /Library/Ruby/Gems/1.8/gems/actionpack-2.2.2/lib/action_controller/mime_responds.rb:158:in `each'
    /Library/Ruby/Gems/1.8/gems/actionpack-2.2.2/lib/action_controller/mime_responds.rb:158:in `respond'
    /Library/Ruby/Gems/1.8/gems/actionpack-2.2.2/lib/action_controller/mime_responds.rb:107:in `respond_to'
    app/controllers/items_controller.rb:7:in `index'
    /Library/Ruby/Gems/1.8/gems/actionpack-2.2.2/lib/action_controller/base.rb:1253:in `send'
    /Library/Ruby/Gems/1.8/gems/actionpack-2.2.2/lib/action_controller/base.rb:1253:in `perform_action_without_filters'
    /Library/Ruby/Gems/1.8/gems/actionpack-2.2.2/lib/action_controller/filters.rb:617:in `call_filters'
    /Library/Ruby/Gems/1.8/gems/actionpack-2.2.2/lib/action_controller/filters.rb:610:in `perform_action_without_benchmark'
    /Library/Ruby/Gems/1.8/gems/actionpack-2.2.2/lib/action_controller/benchmarking.rb:68:in `perform_action_without_rescue'
    /System/Library/Frameworks/Ruby.framework/Versions/1.8/usr/lib/ruby/1.8/benchmark.rb:293:in `measure'
    /Library/Ruby/Gems/1.8/gems/actionpack-2.2.2/lib/action_controller/benchmarking.rb:68:in `perform_action_without_rescue'
    /Library/Ruby/Gems/1.8/gems/actionpack-2.2.2/lib/action_controller/rescue.rb:136:in `perform_action_without_caching'
    /Library/Ruby/Gems/1.8/gems/actionpack-2.2.2/lib/action_controller/caching/sql_cache.rb:13:in `perform_action'
    /Library/Ruby/Gems/1.8/gems/activerecord-2.2.2/lib/active_record/connection_adapters/abstract/query_cache.rb:34:in `cache'
    /Library/Ruby/Gems/1.8/gems/activerecord-2.2.2/lib/active_record/query_cache.rb:8:in `cache'
    /Library/Ruby/Gems/1.8/gems/actionpack-2.2.2/lib/action_controller/caching/sql_cache.rb:12:in `perform_action'
    /Library/Ruby/Gems/1.8/gems/actionpack-2.2.2/lib/action_controller/base.rb:524:in `send'
    /Library/Ruby/Gems/1.8/gems/actionpack-2.2.2/lib/action_controller/base.rb:524:in `process_without_filters'
    /Library/Ruby/Gems/1.8/gems/actionpack-2.2.2/lib/action_controller/filters.rb:606:in `process_without_session_management_support'
    /Library/Ruby/Gems/1.8/gems/actionpack-2.2.2/lib/action_controller/session_management.rb:134:in `process'
    /Library/Ruby/Gems/1.8/gems/actionpack-2.2.2/lib/action_controller/base.rb:392:in `process'
    /Library/Ruby/Gems/1.8/gems/actionpack-2.2.2/lib/action_controller/dispatcher.rb:183:in `handle_request'
    /Library/Ruby/Gems/1.8/gems/actionpack-2.2.2/lib/action_controller/dispatcher.rb:110:in `dispatch_unlocked'
    /Library/Ruby/Gems/1.8/gems/actionpack-2.2.2/lib/action_controller/dispatcher.rb:123:in `dispatch'
    /Library/Ruby/Gems/1.8/gems/actionpack-2.2.2/lib/action_controller/dispatcher.rb:122:in `synchronize'
    /Library/Ruby/Gems/1.8/gems/actionpack-2.2.2/lib/action_controller/dispatcher.rb:122:in `dispatch'
    /Library/Ruby/Gems/1.8/gems/actionpack-2.2.2/lib/action_controller/dispatcher.rb:132:in `dispatch_cgi'
    /Library/Ruby/Gems/1.8/gems/actionpack-2.2.2/lib/action_controller/dispatcher.rb:39:in `dispatch'
    /Library/Ruby/Gems/1.8/gems/mongrel-1.1.5/lib/mongrel/rails.rb:76:in `process'
    /Library/Ruby/Gems/1.8/gems/mongrel-1.1.5/lib/mongrel/rails.rb:74:in `synchronize'
    /Library/Ruby/Gems/1.8/gems/mongrel-1.1.5/lib/mongrel/rails.rb:74:in `process'
    /Library/Ruby/Gems/1.8/gems/mongrel-1.1.5/lib/mongrel.rb:159:in `process_client'
    /Library/Ruby/Gems/1.8/gems/mongrel-1.1.5/lib/mongrel.rb:158:in `each'
    /Library/Ruby/Gems/1.8/gems/mongrel-1.1.5/lib/mongrel.rb:158:in `process_client'
    /Library/Ruby/Gems/1.8/gems/mongrel-1.1.5/lib/mongrel.rb:285:in `run'
    /Library/Ruby/Gems/1.8/gems/mongrel-1.1.5/lib/mongrel.rb:285:in `initialize'
    /Library/Ruby/Gems/1.8/gems/mongrel-1.1.5/lib/mongrel.rb:285:in `new'
    /Library/Ruby/Gems/1.8/gems/mongrel-1.1.5/lib/mongrel.rb:285:in `run'
    /Library/Ruby/Gems/1.8/gems/mongrel-1.1.5/lib/mongrel.rb:268:in `initialize'
    /Library/Ruby/Gems/1.8/gems/mongrel-1.1.5/lib/mongrel.rb:268:in `new'
    /Library/Ruby/Gems/1.8/gems/mongrel-1.1.5/lib/mongrel.rb:268:in `run'
    /Library/Ruby/Gems/1.8/gems/mongrel-1.1.5/lib/mongrel/configurator.rb:282:in `run'
    /Library/Ruby/Gems/1.8/gems/mongrel-1.1.5/lib/mongrel/configurator.rb:281:in `each'
    /Library/Ruby/Gems/1.8/gems/mongrel-1.1.5/lib/mongrel/configurator.rb:281:in `run'
    /Library/Ruby/Gems/1.8/gems/mongrel-1.1.5/bin/mongrel_rails:128:in `run'
    /Library/Ruby/Gems/1.8/gems/mongrel-1.1.5/lib/mongrel/command.rb:212:in `run'
    /Library/Ruby/Gems/1.8/gems/mongrel-1.1.5/bin/mongrel_rails:281
    /Library/Ruby/Gems/1.8/gems/activesupport-2.2.2/lib/active_support/dependencies.rb:142:in `load_without_new_constant_marking'
    /Library/Ruby/Gems/1.8/gems/activesupport-2.2.2/lib/active_support/dependencies.rb:142:in `load'
    /Library/Ruby/Gems/1.8/gems/activesupport-2.2.2/lib/active_support/dependencies.rb:521:in `new_constants_in'
    /Library/Ruby/Gems/1.8/gems/activesupport-2.2.2/lib/active_support/dependencies.rb:142:in `load'
    /Library/Ruby/Gems/1.8/gems/rails-2.2.2/lib/commands/servers/mongrel.rb:64
    /Library/Ruby/Site/1.8/rubygems/custom_require.rb:31:in `gem_original_require'
    /Library/Ruby/Site/1.8/rubygems/custom_require.rb:31:in `require'
    /Library/Ruby/Gems/1.8/gems/activesupport-2.2.2/lib/active_support/dependencies.rb:153:in `require'
    /Library/Ruby/Gems/1.8/gems/activesupport-2.2.2/lib/active_support/dependencies.rb:521:in `new_constants_in'
    /Library/Ruby/Gems/1.8/gems/activesupport-2.2.2/lib/active_support/dependencies.rb:153:in `require'
    /Library/Ruby/Gems/1.8/gems/rails-2.2.2/lib/commands/server.rb:49
    /Library/Ruby/Site/1.8/rubygems/custom_require.rb:31:in `gem_original_require'
    /Library/Ruby/Site/1.8/rubygems/custom_require.rb:31:in `require'
    script/server:3

Rendered /Library/Ruby/Gems/1.8/gems/actionpack-2.2.2/lib/action_controller/templates/rescues/_trace (92.6ms)
Rendered /Library/Ruby/Gems/1.8/gems/actionpack-2.2.2/lib/action_controller/templates/rescues/_request_and_response (0.7ms)
Rendering /Library/Ruby/Gems/1.8/gems/actionpack-2.2.2/lib/action_controller/templates/rescues/layout.erb (internal_server_error)


Processing ItemsController#index (for 127.0.0.1 at 2008-12-05 13:40:23) [GET]
  [4;35;1mItem Load (0.4ms)[0m   [0mSELECT * FROM "items" [0m
Rendering template within layouts/items
Rendering items/index


ActionView::TemplateError (undefined method `formatted_posts_path' for #<ActionView::Base:0x2491bd0>) on line #9 of app/views/layouts/items.html.erb:
6:   <meta http-equiv="content-type" content="text/html;charset=UTF-8" />
7:   <title>Items: <%= controller.action_name %></title>
8:   <%= stylesheet_link_tag 'scaffold' %>
9: 	<%= auto_discovery_link_tag :atom, formatted_posts_path(:atom) %>
10: </head>
11: <body>
12: 

    app/views/layouts/items.html.erb:9
    /Library/Ruby/Gems/1.8/gems/actionpack-2.2.2/lib/action_view/renderable.rb:39:in `send'
    /Library/Ruby/Gems/1.8/gems/actionpack-2.2.2/lib/action_view/renderable.rb:39:in `render'
    /Library/Ruby/Gems/1.8/gems/actionpack-2.2.2/lib/action_view/template.rb:73:in `render_template'
    /Library/Ruby/Gems/1.8/gems/actionpack-2.2.2/lib/action_view/base.rb:256:in `render'
    /Library/Ruby/Gems/1.8/gems/actionpack-2.2.2/lib/action_view/base.rb:371:in `_render_with_layout'
    /Library/Ruby/Gems/1.8/gems/actionpack-2.2.2/lib/action_view/base.rb:254:in `render'
    /Library/Ruby/Gems/1.8/gems/actionpack-2.2.2/lib/action_controller/base.rb:1174:in `render_for_file'
    /Library/Ruby/Gems/1.8/gems/actionpack-2.2.2/lib/action_controller/base.rb:905:in `render_without_benchmark'
    /Library/Ruby/Gems/1.8/gems/actionpack-2.2.2/lib/action_controller/benchmarking.rb:51:in `render'
    /Library/Ruby/Gems/1.8/gems/activesupport-2.2.2/lib/active_support/core_ext/benchmark.rb:8:in `realtime'
    /Library/Ruby/Gems/1.8/gems/actionpack-2.2.2/lib/action_controller/benchmarking.rb:51:in `render'
    /Library/Ruby/Gems/1.8/gems/actionpack-2.2.2/lib/action_controller/mime_responds.rb:135:in `send'
    /Library/Ruby/Gems/1.8/gems/actionpack-2.2.2/lib/action_controller/mime_responds.rb:135:in `custom'
    /Library/Ruby/Gems/1.8/gems/actionpack-2.2.2/lib/action_controller/mime_responds.rb:164:in `call'
    /Library/Ruby/Gems/1.8/gems/actionpack-2.2.2/lib/action_controller/mime_responds.rb:164:in `respond'
    /Library/Ruby/Gems/1.8/gems/actionpack-2.2.2/lib/action_controller/mime_responds.rb:158:in `each'
    /Library/Ruby/Gems/1.8/gems/actionpack-2.2.2/lib/action_controller/mime_responds.rb:158:in `respond'
    /Library/Ruby/Gems/1.8/gems/actionpack-2.2.2/lib/action_controller/mime_responds.rb:107:in `respond_to'
    app/controllers/items_controller.rb:7:in `index'
    /Library/Ruby/Gems/1.8/gems/actionpack-2.2.2/lib/action_controller/base.rb:1253:in `send'
    /Library/Ruby/Gems/1.8/gems/actionpack-2.2.2/lib/action_controller/base.rb:1253:in `perform_action_without_filters'
    /Library/Ruby/Gems/1.8/gems/actionpack-2.2.2/lib/action_controller/filters.rb:617:in `call_filters'
    /Library/Ruby/Gems/1.8/gems/actionpack-2.2.2/lib/action_controller/filters.rb:610:in `perform_action_without_benchmark'
    /Library/Ruby/Gems/1.8/gems/actionpack-2.2.2/lib/action_controller/benchmarking.rb:68:in `perform_action_without_rescue'
    /System/Library/Frameworks/Ruby.framework/Versions/1.8/usr/lib/ruby/1.8/benchmark.rb:293:in `measure'
    /Library/Ruby/Gems/1.8/gems/actionpack-2.2.2/lib/action_controller/benchmarking.rb:68:in `perform_action_without_rescue'
    /Library/Ruby/Gems/1.8/gems/actionpack-2.2.2/lib/action_controller/rescue.rb:136:in `perform_action_without_caching'
    /Library/Ruby/Gems/1.8/gems/actionpack-2.2.2/lib/action_controller/caching/sql_cache.rb:13:in `perform_action'
    /Library/Ruby/Gems/1.8/gems/activerecord-2.2.2/lib/active_record/connection_adapters/abstract/query_cache.rb:34:in `cache'
    /Library/Ruby/Gems/1.8/gems/activerecord-2.2.2/lib/active_record/query_cache.rb:8:in `cache'
    /Library/Ruby/Gems/1.8/gems/actionpack-2.2.2/lib/action_controller/caching/sql_cache.rb:12:in `perform_action'
    /Library/Ruby/Gems/1.8/gems/actionpack-2.2.2/lib/action_controller/base.rb:524:in `send'
    /Library/Ruby/Gems/1.8/gems/actionpack-2.2.2/lib/action_controller/base.rb:524:in `process_without_filters'
    /Library/Ruby/Gems/1.8/gems/actionpack-2.2.2/lib/action_controller/filters.rb:606:in `process_without_session_management_support'
    /Library/Ruby/Gems/1.8/gems/actionpack-2.2.2/lib/action_controller/session_management.rb:134:in `process'
    /Library/Ruby/Gems/1.8/gems/actionpack-2.2.2/lib/action_controller/base.rb:392:in `process'
    /Library/Ruby/Gems/1.8/gems/actionpack-2.2.2/lib/action_controller/dispatcher.rb:183:in `handle_request'
    /Library/Ruby/Gems/1.8/gems/actionpack-2.2.2/lib/action_controller/dispatcher.rb:110:in `dispatch_unlocked'
    /Library/Ruby/Gems/1.8/gems/actionpack-2.2.2/lib/action_controller/dispatcher.rb:123:in `dispatch'
    /Library/Ruby/Gems/1.8/gems/actionpack-2.2.2/lib/action_controller/dispatcher.rb:122:in `synchronize'
    /Library/Ruby/Gems/1.8/gems/actionpack-2.2.2/lib/action_controller/dispatcher.rb:122:in `dispatch'
    /Library/Ruby/Gems/1.8/gems/actionpack-2.2.2/lib/action_controller/dispatcher.rb:132:in `dispatch_cgi'
    /Library/Ruby/Gems/1.8/gems/actionpack-2.2.2/lib/action_controller/dispatcher.rb:39:in `dispatch'
    /Library/Ruby/Gems/1.8/gems/mongrel-1.1.5/lib/mongrel/rails.rb:76:in `process'
    /Library/Ruby/Gems/1.8/gems/mongrel-1.1.5/lib/mongrel/rails.rb:74:in `synchronize'
    /Library/Ruby/Gems/1.8/gems/mongrel-1.1.5/lib/mongrel/rails.rb:74:in `process'
    /Library/Ruby/Gems/1.8/gems/mongrel-1.1.5/lib/mongrel.rb:159:in `process_client'
    /Library/Ruby/Gems/1.8/gems/mongrel-1.1.5/lib/mongrel.rb:158:in `each'
    /Library/Ruby/Gems/1.8/gems/mongrel-1.1.5/lib/mongrel.rb:158:in `process_client'
    /Library/Ruby/Gems/1.8/gems/mongrel-1.1.5/lib/mongrel.rb:285:in `run'
    /Library/Ruby/Gems/1.8/gems/mongrel-1.1.5/lib/mongrel.rb:285:in `initialize'
    /Library/Ruby/Gems/1.8/gems/mongrel-1.1.5/lib/mongrel.rb:285:in `new'
    /Library/Ruby/Gems/1.8/gems/mongrel-1.1.5/lib/mongrel.rb:285:in `run'
    /Library/Ruby/Gems/1.8/gems/mongrel-1.1.5/lib/mongrel.rb:268:in `initialize'
    /Library/Ruby/Gems/1.8/gems/mongrel-1.1.5/lib/mongrel.rb:268:in `new'
    /Library/Ruby/Gems/1.8/gems/mongrel-1.1.5/lib/mongrel.rb:268:in `run'
    /Library/Ruby/Gems/1.8/gems/mongrel-1.1.5/lib/mongrel/configurator.rb:282:in `run'
    /Library/Ruby/Gems/1.8/gems/mongrel-1.1.5/lib/mongrel/configurator.rb:281:in `each'
    /Library/Ruby/Gems/1.8/gems/mongrel-1.1.5/lib/mongrel/configurator.rb:281:in `run'
    /Library/Ruby/Gems/1.8/gems/mongrel-1.1.5/bin/mongrel_rails:128:in `run'
    /Library/Ruby/Gems/1.8/gems/mongrel-1.1.5/lib/mongrel/command.rb:212:in `run'
    /Library/Ruby/Gems/1.8/gems/mongrel-1.1.5/bin/mongrel_rails:281
    /Library/Ruby/Gems/1.8/gems/activesupport-2.2.2/lib/active_support/dependencies.rb:142:in `load_without_new_constant_marking'
    /Library/Ruby/Gems/1.8/gems/activesupport-2.2.2/lib/active_support/dependencies.rb:142:in `load'
    /Library/Ruby/Gems/1.8/gems/activesupport-2.2.2/lib/active_support/dependencies.rb:521:in `new_constants_in'
    /Library/Ruby/Gems/1.8/gems/activesupport-2.2.2/lib/active_support/dependencies.rb:142:in `load'
    /Library/Ruby/Gems/1.8/gems/rails-2.2.2/lib/commands/servers/mongrel.rb:64
    /Library/Ruby/Site/1.8/rubygems/custom_require.rb:31:in `gem_original_require'
    /Library/Ruby/Site/1.8/rubygems/custom_require.rb:31:in `require'
    /Library/Ruby/Gems/1.8/gems/activesupport-2.2.2/lib/active_support/dependencies.rb:153:in `require'
    /Library/Ruby/Gems/1.8/gems/activesupport-2.2.2/lib/active_support/dependencies.rb:521:in `new_constants_in'
    /Library/Ruby/Gems/1.8/gems/activesupport-2.2.2/lib/active_support/dependencies.rb:153:in `require'
    /Library/Ruby/Gems/1.8/gems/rails-2.2.2/lib/commands/server.rb:49
    /Library/Ruby/Site/1.8/rubygems/custom_require.rb:31:in `gem_original_require'
    /Library/Ruby/Site/1.8/rubygems/custom_require.rb:31:in `require'
    script/server:3

Rendered /Library/Ruby/Gems/1.8/gems/actionpack-2.2.2/lib/action_controller/templates/rescues/_trace (31.2ms)
Rendered /Library/Ruby/Gems/1.8/gems/actionpack-2.2.2/lib/action_controller/templates/rescues/_request_and_response (0.7ms)
Rendering /Library/Ruby/Gems/1.8/gems/actionpack-2.2.2/lib/action_controller/templates/rescues/layout.erb (internal_server_error)


Processing ItemsController#index (for 127.0.0.1 at 2008-12-05 13:40:36) [GET]
  [4;36;1mItem Load (0.5ms)[0m   [0;1mSELECT * FROM "items" [0m
Rendering template within layouts/items
Rendering items/index
Completed in 10ms (View: 6, DB: 0) | 200 OK [http://localhost/items]


Processing ItemsController#index (for 127.0.0.1 at 2008-12-05 13:41:39) [GET]
  [4;35;1mItem Load (0.4ms)[0m   [0mSELECT * FROM "items" [0m
Rendering template within layouts/items
Rendering items/index
Completed in 9ms (View: 5, DB: 0) | 200 OK [http://localhost/items]


Processing ItemsController#index (for 127.0.0.1 at 2008-12-05 13:41:40) [GET]
  [4;36;1mItem Load (0.4ms)[0m   [0;1mSELECT * FROM "items" [0m
Rendering template within layouts/items
Rendering items/index
Completed in 9ms (View: 5, DB: 0) | 200 OK [http://localhost/items]


Processing ItemsController#index (for 127.0.0.1 at 2008-12-05 13:41:42) [GET]
  [4;35;1mItem Load (0.4ms)[0m   [0mSELECT * FROM "items" [0m
Rendering template within layouts/items
Rendering items/index
Completed in 12ms (View: 7, DB: 0) | 200 OK [http://localhost/items]


Processing ItemsController#index (for 127.0.0.1 at 2008-12-05 13:41:46) [GET]
  [4;36;1mItem Load (0.4ms)[0m   [0;1mSELECT * FROM "items" [0m
Rendering template within layouts/items
Rendering items/index
Completed in 10ms (View: 5, DB: 0) | 200 OK [http://localhost/items]


Processing ItemsController#index (for 127.0.0.1 at 2008-12-05 13:41:48) [GET]
  [4;35;1mItem Load (0.5ms)[0m   [0mSELECT * FROM "items" [0m
Rendering template within layouts/items
Rendering items/index
Completed in 11ms (View: 6, DB: 1) | 200 OK [http://localhost/items]


Processing ItemsController#index (for 127.0.0.1 at 2008-12-05 13:42:00) [GET]
  [4;36;1mItem Load (0.5ms)[0m   [0;1mSELECT * FROM "items" [0m
Rendering template within layouts/items
Rendering items/index
Completed in 11ms (View: 7, DB: 0) | 200 OK [http://localhost/items]


Processing ItemsController#index to atom (for 127.0.0.1 at 2008-12-05 13:42:17) [GET]
  [4;35;1mItem Load (0.4ms)[0m   [0mSELECT * FROM "items" [0m
Rendering items/index


ActionView::TemplateError (undefined local variable or method `post' for #<ActionView::Base:0x23dc3d4>) on line #6 of app/views/items/index.atom.builder:
3: 	feed.update(@items.first.created_at)
4: 	
5: 	@items.each do |item|
6: 	  feed.entry(post) do |entry|
7: 	    entry.title(item.name)
8: 	    entry.content(item.description, :type => 'html')
9: 	    entry.author { |author| author.name("Chris Samuel")}

    app/views/items/index.atom.builder:6
    app/views/items/index.atom.builder:5:in `each'
    app/views/items/index.atom.builder:5
    /Library/Ruby/Gems/1.8/gems/actionpack-2.2.2/lib/action_view/helpers/atom_feed_helper.rb:121:in `atom_feed'
    /Library/Ruby/Gems/1.8/gems/activesupport-2.2.2/lib/active_support/vendor/builder-2.1.2/builder/xmlbase.rb:134:in `call'
    /Library/Ruby/Gems/1.8/gems/activesupport-2.2.2/lib/active_support/vendor/builder-2.1.2/builder/xmlbase.rb:134:in `_nested_structures'
    /Library/Ruby/Gems/1.8/gems/activesupport-2.2.2/lib/active_support/vendor/builder-2.1.2/builder/xmlbase.rb:58:in `method_missing'
    /Library/Ruby/Gems/1.8/gems/actionpack-2.2.2/lib/action_view/helpers/atom_feed_helper.rb:116:in `atom_feed'
    app/views/items/index.atom.builder:1
    /Library/Ruby/Gems/1.8/gems/actionpack-2.2.2/lib/action_view/renderable.rb:39:in `send'
    /Library/Ruby/Gems/1.8/gems/actionpack-2.2.2/lib/action_view/renderable.rb:39:in `render'
    /Library/Ruby/Gems/1.8/gems/actionpack-2.2.2/lib/action_view/template.rb:73:in `render_template'
    /Library/Ruby/Gems/1.8/gems/actionpack-2.2.2/lib/action_view/base.rb:256:in `render'
    /Library/Ruby/Gems/1.8/gems/actionpack-2.2.2/lib/action_controller/base.rb:1174:in `render_for_file'
    /Library/Ruby/Gems/1.8/gems/actionpack-2.2.2/lib/action_controller/base.rb:940:in `render_without_benchmark'
    /Library/Ruby/Gems/1.8/gems/actionpack-2.2.2/lib/action_controller/benchmarking.rb:51:in `render'
    /Library/Ruby/Gems/1.8/gems/activesupport-2.2.2/lib/active_support/core_ext/benchmark.rb:8:in `realtime'
    /Library/Ruby/Gems/1.8/gems/actionpack-2.2.2/lib/action_controller/benchmarking.rb:51:in `render'
    app/controllers/items_controller.rb:10:in `index'
    /Library/Ruby/Gems/1.8/gems/actionpack-2.2.2/lib/action_controller/mime_responds.rb:135:in `call'
    /Library/Ruby/Gems/1.8/gems/actionpack-2.2.2/lib/action_controller/mime_responds.rb:135:in `custom'
    /Library/Ruby/Gems/1.8/gems/actionpack-2.2.2/lib/action_controller/mime_responds.rb:164:in `call'
    /Library/Ruby/Gems/1.8/gems/actionpack-2.2.2/lib/action_controller/mime_responds.rb:164:in `respond'
    /Library/Ruby/Gems/1.8/gems/actionpack-2.2.2/lib/action_controller/mime_responds.rb:158:in `each'
    /Library/Ruby/Gems/1.8/gems/actionpack-2.2.2/lib/action_controller/mime_responds.rb:158:in `respond'
    /Library/Ruby/Gems/1.8/gems/actionpack-2.2.2/lib/action_controller/mime_responds.rb:107:in `respond_to'
    app/controllers/items_controller.rb:7:in `index'
    /Library/Ruby/Gems/1.8/gems/actionpack-2.2.2/lib/action_controller/base.rb:1253:in `send'
    /Library/Ruby/Gems/1.8/gems/actionpack-2.2.2/lib/action_controller/base.rb:1253:in `perform_action_without_filters'
    /Library/Ruby/Gems/1.8/gems/actionpack-2.2.2/lib/action_controller/filters.rb:617:in `call_filters'
    /Library/Ruby/Gems/1.8/gems/actionpack-2.2.2/lib/action_controller/filters.rb:610:in `perform_action_without_benchmark'
    /Library/Ruby/Gems/1.8/gems/actionpack-2.2.2/lib/action_controller/benchmarking.rb:68:in `perform_action_without_rescue'
    /System/Library/Frameworks/Ruby.framework/Versions/1.8/usr/lib/ruby/1.8/benchmark.rb:293:in `measure'
    /Library/Ruby/Gems/1.8/gems/actionpack-2.2.2/lib/action_controller/benchmarking.rb:68:in `perform_action_without_rescue'
    /Library/Ruby/Gems/1.8/gems/actionpack-2.2.2/lib/action_controller/rescue.rb:136:in `perform_action_without_caching'
    /Library/Ruby/Gems/1.8/gems/actionpack-2.2.2/lib/action_controller/caching/sql_cache.rb:13:in `perform_action'
    /Library/Ruby/Gems/1.8/gems/activerecord-2.2.2/lib/active_record/connection_adapters/abstract/query_cache.rb:34:in `cache'
    /Library/Ruby/Gems/1.8/gems/activerecord-2.2.2/lib/active_record/query_cache.rb:8:in `cache'
    /Library/Ruby/Gems/1.8/gems/actionpack-2.2.2/lib/action_controller/caching/sql_cache.rb:12:in `perform_action'
    /Library/Ruby/Gems/1.8/gems/actionpack-2.2.2/lib/action_controller/base.rb:524:in `send'
    /Library/Ruby/Gems/1.8/gems/actionpack-2.2.2/lib/action_controller/base.rb:524:in `process_without_filters'
    /Library/Ruby/Gems/1.8/gems/actionpack-2.2.2/lib/action_controller/filters.rb:606:in `process_without_session_management_support'
    /Library/Ruby/Gems/1.8/gems/actionpack-2.2.2/lib/action_controller/session_management.rb:134:in `process'
    /Library/Ruby/Gems/1.8/gems/actionpack-2.2.2/lib/action_controller/base.rb:392:in `process'
    /Library/Ruby/Gems/1.8/gems/actionpack-2.2.2/lib/action_controller/dispatcher.rb:183:in `handle_request'
    /Library/Ruby/Gems/1.8/gems/actionpack-2.2.2/lib/action_controller/dispatcher.rb:110:in `dispatch_unlocked'
    /Library/Ruby/Gems/1.8/gems/actionpack-2.2.2/lib/action_controller/dispatcher.rb:123:in `dispatch'
    /Library/Ruby/Gems/1.8/gems/actionpack-2.2.2/lib/action_controller/dispatcher.rb:122:in `synchronize'
    /Library/Ruby/Gems/1.8/gems/actionpack-2.2.2/lib/action_controller/dispatcher.rb:122:in `dispatch'
    /Library/Ruby/Gems/1.8/gems/actionpack-2.2.2/lib/action_controller/dispatcher.rb:132:in `dispatch_cgi'
    /Library/Ruby/Gems/1.8/gems/actionpack-2.2.2/lib/action_controller/dispatcher.rb:39:in `dispatch'
    /Library/Ruby/Gems/1.8/gems/mongrel-1.1.5/lib/mongrel/rails.rb:76:in `process'
    /Library/Ruby/Gems/1.8/gems/mongrel-1.1.5/lib/mongrel/rails.rb:74:in `synchronize'
    /Library/Ruby/Gems/1.8/gems/mongrel-1.1.5/lib/mongrel/rails.rb:74:in `process'
    /Library/Ruby/Gems/1.8/gems/mongrel-1.1.5/lib/mongrel.rb:159:in `process_client'
    /Library/Ruby/Gems/1.8/gems/mongrel-1.1.5/lib/mongrel.rb:158:in `each'
    /Library/Ruby/Gems/1.8/gems/mongrel-1.1.5/lib/mongrel.rb:158:in `process_client'
    /Library/Ruby/Gems/1.8/gems/mongrel-1.1.5/lib/mongrel.rb:285:in `run'
    /Library/Ruby/Gems/1.8/gems/mongrel-1.1.5/lib/mongrel.rb:285:in `initialize'
    /Library/Ruby/Gems/1.8/gems/mongrel-1.1.5/lib/mongrel.rb:285:in `new'
    /Library/Ruby/Gems/1.8/gems/mongrel-1.1.5/lib/mongrel.rb:285:in `run'
    /Library/Ruby/Gems/1.8/gems/mongrel-1.1.5/lib/mongrel.rb:268:in `initialize'
    /Library/Ruby/Gems/1.8/gems/mongrel-1.1.5/lib/mongrel.rb:268:in `new'
    /Library/Ruby/Gems/1.8/gems/mongrel-1.1.5/lib/mongrel.rb:268:in `run'
    /Library/Ruby/Gems/1.8/gems/mongrel-1.1.5/lib/mongrel/configurator.rb:282:in `run'
    /Library/Ruby/Gems/1.8/gems/mongrel-1.1.5/lib/mongrel/configurator.rb:281:in `each'
    /Library/Ruby/Gems/1.8/gems/mongrel-1.1.5/lib/mongrel/configurator.rb:281:in `run'
    /Library/Ruby/Gems/1.8/gems/mongrel-1.1.5/bin/mongrel_rails:128:in `run'
    /Library/Ruby/Gems/1.8/gems/mongrel-1.1.5/lib/mongrel/command.rb:212:in `run'
    /Library/Ruby/Gems/1.8/gems/mongrel-1.1.5/bin/mongrel_rails:281
    /Library/Ruby/Gems/1.8/gems/activesupport-2.2.2/lib/active_support/dependencies.rb:142:in `load_without_new_constant_marking'
    /Library/Ruby/Gems/1.8/gems/activesupport-2.2.2/lib/active_support/dependencies.rb:142:in `load'
    /Library/Ruby/Gems/1.8/gems/activesupport-2.2.2/lib/active_support/dependencies.rb:521:in `new_constants_in'
    /Library/Ruby/Gems/1.8/gems/activesupport-2.2.2/lib/active_support/dependencies.rb:142:in `load'
    /Library/Ruby/Gems/1.8/gems/rails-2.2.2/lib/commands/servers/mongrel.rb:64
    /Library/Ruby/Site/1.8/rubygems/custom_require.rb:31:in `gem_original_require'
    /Library/Ruby/Site/1.8/rubygems/custom_require.rb:31:in `require'
    /Library/Ruby/Gems/1.8/gems/activesupport-2.2.2/lib/active_support/dependencies.rb:153:in `require'
    /Library/Ruby/Gems/1.8/gems/activesupport-2.2.2/lib/active_support/dependencies.rb:521:in `new_constants_in'
    /Library/Ruby/Gems/1.8/gems/activesupport-2.2.2/lib/active_support/dependencies.rb:153:in `require'
    /Library/Ruby/Gems/1.8/gems/rails-2.2.2/lib/commands/server.rb:49
    /Library/Ruby/Site/1.8/rubygems/custom_require.rb:31:in `gem_original_require'
    /Library/Ruby/Site/1.8/rubygems/custom_require.rb:31:in `require'
    script/server:3

Rendered /Library/Ruby/Gems/1.8/gems/actionpack-2.2.2/lib/action_controller/templates/rescues/_trace (95.9ms)
Rendered /Library/Ruby/Gems/1.8/gems/actionpack-2.2.2/lib/action_controller/templates/rescues/_request_and_response (0.7ms)
Rendering /Library/Ruby/Gems/1.8/gems/actionpack-2.2.2/lib/action_controller/templates/rescues/layout.erb (internal_server_error)


Processing ItemsController#index to atom (for 127.0.0.1 at 2008-12-05 13:43:04) [GET]
  [4;36;1mItem Load (0.4ms)[0m   [0;1mSELECT * FROM "items" [0m
Rendering items/index


ActionView::TemplateError (undefined local variable or method `post' for #<ActionView::Base:0x24c9170>) on line #6 of app/views/items/index.atom.builder:
3: 	feed.update(@items.first.created_at)
4: 	
5: 	@items.each do |item|
6: 	  feed.entry(post) do |entry|
7: 	    entry.title(item.name)
8: 	    entry.content(item.description, :type => 'html')
9: 	    entry.author { |author| author.name("Chris Samuel")}

    app/views/items/index.atom.builder:6
    app/views/items/index.atom.builder:5:in `each'
    app/views/items/index.atom.builder:5
    /Library/Ruby/Gems/1.8/gems/actionpack-2.2.2/lib/action_view/helpers/atom_feed_helper.rb:121:in `atom_feed'
    /Library/Ruby/Gems/1.8/gems/activesupport-2.2.2/lib/active_support/vendor/builder-2.1.2/builder/xmlbase.rb:134:in `call'
    /Library/Ruby/Gems/1.8/gems/activesupport-2.2.2/lib/active_support/vendor/builder-2.1.2/builder/xmlbase.rb:134:in `_nested_structures'
    /Library/Ruby/Gems/1.8/gems/activesupport-2.2.2/lib/active_support/vendor/builder-2.1.2/builder/xmlbase.rb:58:in `method_missing'
    /Library/Ruby/Gems/1.8/gems/actionpack-2.2.2/lib/action_view/helpers/atom_feed_helper.rb:116:in `atom_feed'
    app/views/items/index.atom.builder:1
    /Library/Ruby/Gems/1.8/gems/actionpack-2.2.2/lib/action_view/renderable.rb:39:in `send'
    /Library/Ruby/Gems/1.8/gems/actionpack-2.2.2/lib/action_view/renderable.rb:39:in `render'
    /Library/Ruby/Gems/1.8/gems/actionpack-2.2.2/lib/action_view/template.rb:73:in `render_template'
    /Library/Ruby/Gems/1.8/gems/actionpack-2.2.2/lib/action_view/base.rb:256:in `render'
    /Library/Ruby/Gems/1.8/gems/actionpack-2.2.2/lib/action_controller/base.rb:1174:in `render_for_file'
    /Library/Ruby/Gems/1.8/gems/actionpack-2.2.2/lib/action_controller/base.rb:940:in `render_without_benchmark'
    /Library/Ruby/Gems/1.8/gems/actionpack-2.2.2/lib/action_controller/benchmarking.rb:51:in `render'
    /Library/Ruby/Gems/1.8/gems/activesupport-2.2.2/lib/active_support/core_ext/benchmark.rb:8:in `realtime'
    /Library/Ruby/Gems/1.8/gems/actionpack-2.2.2/lib/action_controller/benchmarking.rb:51:in `render'
    app/controllers/items_controller.rb:10:in `index'
    /Library/Ruby/Gems/1.8/gems/actionpack-2.2.2/lib/action_controller/mime_responds.rb:135:in `call'
    /Library/Ruby/Gems/1.8/gems/actionpack-2.2.2/lib/action_controller/mime_responds.rb:135:in `custom'
    /Library/Ruby/Gems/1.8/gems/actionpack-2.2.2/lib/action_controller/mime_responds.rb:164:in `call'
    /Library/Ruby/Gems/1.8/gems/actionpack-2.2.2/lib/action_controller/mime_responds.rb:164:in `respond'
    /Library/Ruby/Gems/1.8/gems/actionpack-2.2.2/lib/action_controller/mime_responds.rb:158:in `each'
    /Library/Ruby/Gems/1.8/gems/actionpack-2.2.2/lib/action_controller/mime_responds.rb:158:in `respond'
    /Library/Ruby/Gems/1.8/gems/actionpack-2.2.2/lib/action_controller/mime_responds.rb:107:in `respond_to'
    app/controllers/items_controller.rb:7:in `index'
    /Library/Ruby/Gems/1.8/gems/actionpack-2.2.2/lib/action_controller/base.rb:1253:in `send'
    /Library/Ruby/Gems/1.8/gems/actionpack-2.2.2/lib/action_controller/base.rb:1253:in `perform_action_without_filters'
    /Library/Ruby/Gems/1.8/gems/actionpack-2.2.2/lib/action_controller/filters.rb:617:in `call_filters'
    /Library/Ruby/Gems/1.8/gems/actionpack-2.2.2/lib/action_controller/filters.rb:610:in `perform_action_without_benchmark'
    /Library/Ruby/Gems/1.8/gems/actionpack-2.2.2/lib/action_controller/benchmarking.rb:68:in `perform_action_without_rescue'
    /System/Library/Frameworks/Ruby.framework/Versions/1.8/usr/lib/ruby/1.8/benchmark.rb:293:in `measure'
    /Library/Ruby/Gems/1.8/gems/actionpack-2.2.2/lib/action_controller/benchmarking.rb:68:in `perform_action_without_rescue'
    /Library/Ruby/Gems/1.8/gems/actionpack-2.2.2/lib/action_controller/rescue.rb:136:in `perform_action_without_caching'
    /Library/Ruby/Gems/1.8/gems/actionpack-2.2.2/lib/action_controller/caching/sql_cache.rb:13:in `perform_action'
    /Library/Ruby/Gems/1.8/gems/activerecord-2.2.2/lib/active_record/connection_adapters/abstract/query_cache.rb:34:in `cache'
    /Library/Ruby/Gems/1.8/gems/activerecord-2.2.2/lib/active_record/query_cache.rb:8:in `cache'
    /Library/Ruby/Gems/1.8/gems/actionpack-2.2.2/lib/action_controller/caching/sql_cache.rb:12:in `perform_action'
    /Library/Ruby/Gems/1.8/gems/actionpack-2.2.2/lib/action_controller/base.rb:524:in `send'
    /Library/Ruby/Gems/1.8/gems/actionpack-2.2.2/lib/action_controller/base.rb:524:in `process_without_filters'
    /Library/Ruby/Gems/1.8/gems/actionpack-2.2.2/lib/action_controller/filters.rb:606:in `process_without_session_management_support'
    /Library/Ruby/Gems/1.8/gems/actionpack-2.2.2/lib/action_controller/session_management.rb:134:in `process'
    /Library/Ruby/Gems/1.8/gems/actionpack-2.2.2/lib/action_controller/base.rb:392:in `process'
    /Library/Ruby/Gems/1.8/gems/actionpack-2.2.2/lib/action_controller/dispatcher.rb:183:in `handle_request'
    /Library/Ruby/Gems/1.8/gems/actionpack-2.2.2/lib/action_controller/dispatcher.rb:110:in `dispatch_unlocked'
    /Library/Ruby/Gems/1.8/gems/actionpack-2.2.2/lib/action_controller/dispatcher.rb:123:in `dispatch'
    /Library/Ruby/Gems/1.8/gems/actionpack-2.2.2/lib/action_controller/dispatcher.rb:122:in `synchronize'
    /Library/Ruby/Gems/1.8/gems/actionpack-2.2.2/lib/action_controller/dispatcher.rb:122:in `dispatch'
    /Library/Ruby/Gems/1.8/gems/actionpack-2.2.2/lib/action_controller/dispatcher.rb:132:in `dispatch_cgi'
    /Library/Ruby/Gems/1.8/gems/actionpack-2.2.2/lib/action_controller/dispatcher.rb:39:in `dispatch'
    /Library/Ruby/Gems/1.8/gems/mongrel-1.1.5/lib/mongrel/rails.rb:76:in `process'
    /Library/Ruby/Gems/1.8/gems/mongrel-1.1.5/lib/mongrel/rails.rb:74:in `synchronize'
    /Library/Ruby/Gems/1.8/gems/mongrel-1.1.5/lib/mongrel/rails.rb:74:in `process'
    /Library/Ruby/Gems/1.8/gems/mongrel-1.1.5/lib/mongrel.rb:159:in `process_client'
    /Library/Ruby/Gems/1.8/gems/mongrel-1.1.5/lib/mongrel.rb:158:in `each'
    /Library/Ruby/Gems/1.8/gems/mongrel-1.1.5/lib/mongrel.rb:158:in `process_client'
    /Library/Ruby/Gems/1.8/gems/mongrel-1.1.5/lib/mongrel.rb:285:in `run'
    /Library/Ruby/Gems/1.8/gems/mongrel-1.1.5/lib/mongrel.rb:285:in `initialize'
    /Library/Ruby/Gems/1.8/gems/mongrel-1.1.5/lib/mongrel.rb:285:in `new'
    /Library/Ruby/Gems/1.8/gems/mongrel-1.1.5/lib/mongrel.rb:285:in `run'
    /Library/Ruby/Gems/1.8/gems/mongrel-1.1.5/lib/mongrel.rb:268:in `initialize'
    /Library/Ruby/Gems/1.8/gems/mongrel-1.1.5/lib/mongrel.rb:268:in `new'
    /Library/Ruby/Gems/1.8/gems/mongrel-1.1.5/lib/mongrel.rb:268:in `run'
    /Library/Ruby/Gems/1.8/gems/mongrel-1.1.5/lib/mongrel/configurator.rb:282:in `run'
    /Library/Ruby/Gems/1.8/gems/mongrel-1.1.5/lib/mongrel/configurator.rb:281:in `each'
    /Library/Ruby/Gems/1.8/gems/mongrel-1.1.5/lib/mongrel/configurator.rb:281:in `run'
    /Library/Ruby/Gems/1.8/gems/mongrel-1.1.5/bin/mongrel_rails:128:in `run'
    /Library/Ruby/Gems/1.8/gems/mongrel-1.1.5/lib/mongrel/command.rb:212:in `run'
    /Library/Ruby/Gems/1.8/gems/mongrel-1.1.5/bin/mongrel_rails:281
    /Library/Ruby/Gems/1.8/gems/activesupport-2.2.2/lib/active_support/dependencies.rb:142:in `load_without_new_constant_marking'
    /Library/Ruby/Gems/1.8/gems/activesupport-2.2.2/lib/active_support/dependencies.rb:142:in `load'
    /Library/Ruby/Gems/1.8/gems/activesupport-2.2.2/lib/active_support/dependencies.rb:521:in `new_constants_in'
    /Library/Ruby/Gems/1.8/gems/activesupport-2.2.2/lib/active_support/dependencies.rb:142:in `load'
    /Library/Ruby/Gems/1.8/gems/rails-2.2.2/lib/commands/servers/mongrel.rb:64
    /Library/Ruby/Site/1.8/rubygems/custom_require.rb:31:in `gem_original_require'
    /Library/Ruby/Site/1.8/rubygems/custom_require.rb:31:in `require'
    /Library/Ruby/Gems/1.8/gems/activesupport-2.2.2/lib/active_support/dependencies.rb:153:in `require'
    /Library/Ruby/Gems/1.8/gems/activesupport-2.2.2/lib/active_support/dependencies.rb:521:in `new_constants_in'
    /Library/Ruby/Gems/1.8/gems/activesupport-2.2.2/lib/active_support/dependencies.rb:153:in `require'
    /Library/Ruby/Gems/1.8/gems/rails-2.2.2/lib/commands/server.rb:49
    /Library/Ruby/Site/1.8/rubygems/custom_require.rb:31:in `gem_original_require'
    /Library/Ruby/Site/1.8/rubygems/custom_require.rb:31:in `require'
    script/server:3

Rendered /Library/Ruby/Gems/1.8/gems/actionpack-2.2.2/lib/action_controller/templates/rescues/_trace (34.3ms)
Rendered /Library/Ruby/Gems/1.8/gems/actionpack-2.2.2/lib/action_controller/templates/rescues/_request_and_response (0.8ms)
Rendering /Library/Ruby/Gems/1.8/gems/actionpack-2.2.2/lib/action_controller/templates/rescues/layout.erb (internal_server_error)


Processing ItemsController#index (for 127.0.0.1 at 2008-12-05 13:43:34) [GET]
  [4;35;1mItem Load (0.4ms)[0m   [0mSELECT * FROM "items" [0m
Rendering template within layouts/items
Rendering items/index
Completed in 10ms (View: 5, DB: 0) | 200 OK [http://localhost/items]


Processing ItemsController#index (for 127.0.0.1 at 2008-12-05 13:43:35) [GET]
  [4;36;1mItem Load (0.4ms)[0m   [0;1mSELECT * FROM "items" [0m
Rendering template within layouts/items
Rendering items/index
Completed in 10ms (View: 5, DB: 0) | 200 OK [http://localhost/items]


Processing ItemsController#index to atom (for 127.0.0.1 at 2008-12-05 13:43:41) [GET]
  [4;35;1mItem Load (0.4ms)[0m   [0mSELECT * FROM "items" [0m
Rendering items/index
Completed in 8ms (View: 4, DB: 0) | 200 OK [http://localhost/items.atom]


Processing ItemsController#index to atom (for 127.0.0.1 at 2008-12-05 13:43:47) [GET]
  [4;36;1mItem Load (0.4ms)[0m   [0;1mSELECT * FROM "items" [0m
Rendering items/index
Completed in 8ms (View: 4, DB: 0) | 200 OK [http://localhost/items.atom]


Processing ItemsController#index to atom (for 127.0.0.1 at 2008-12-05 13:43:53) [GET]
  [4;35;1mItem Load (0.4ms)[0m   [0mSELECT * FROM "items" [0m
Rendering items/index
Completed in 8ms (View: 4, DB: 0) | 200 OK [http://localhost/items.atom]


Processing ItemsController#index (for 127.0.0.1 at 2008-12-05 13:44:10) [GET]
  [4;36;1mItem Load (0.4ms)[0m   [0;1mSELECT * FROM "items" [0m
Rendering template within layouts/items
Rendering items/index
Completed in 10ms (View: 5, DB: 0) | 200 OK [http://localhost/items]


Processing ItemsController#new (for 127.0.0.1 at 2008-12-05 13:44:12) [GET]
Rendering template within layouts/items
Rendering items/new
Completed in 10ms (View: 5, DB: 0) | 200 OK [http://localhost/items/new]


Processing ItemsController#create (for 127.0.0.1 at 2008-12-05 13:44:42) [POST]
  Parameters: {"commit"=>"Create", "authenticity_token"=>"a36c7f4fd8056ad0affb6b2f0efa61b2f418b450", "item"=>{"name"=>"Guitar Rig 3", "description"=>"This would be really cool to have."}}
  [4;35;1mItem Create (0.5ms)[0m   [0mINSERT INTO "items" ("name", "updated_at", "description", "created_at") VALUES('Guitar Rig 3', '2008-12-05 19:44:42', 'This would be really cool to have.', '2008-12-05 19:44:42')[0m
Redirected to #<Item:0x22982d4>
Completed in 9ms (DB: 1) | 302 Found [http://localhost/items]


Processing ItemsController#show (for 127.0.0.1 at 2008-12-05 13:44:42) [GET]
  Parameters: {"id"=>"2"}
  [4;36;1mItem Load (0.2ms)[0m   [0;1mSELECT * FROM "items" WHERE ("items"."id" = 2) [0m
Rendering template within layouts/items
Rendering items/show
Completed in 9ms (View: 4, DB: 0) | 200 OK [http://localhost/items/2]


Processing ItemsController#index (for 127.0.0.1 at 2008-12-05 13:44:44) [GET]
  [4;35;1mItem Load (0.5ms)[0m   [0mSELECT * FROM "items" [0m
Rendering template within layouts/items
Rendering items/index
Completed in 10ms (View: 6, DB: 0) | 200 OK [http://localhost/items]


Processing ItemsController#index to atom (for 127.0.0.1 at 2008-12-05 13:45:01) [GET]
  [4;36;1mItem Load (0.5ms)[0m   [0;1mSELECT * FROM "items" [0m
Rendering items/index
Completed in 24ms (View: 20, DB: 0) | 200 OK [http://localhost/items.atom]


Processing ItemsController#index to atom (for 127.0.0.1 at 2008-12-05 13:47:35) [GET]
  [4;35;1mItem Load (0.5ms)[0m   [0mSELECT * FROM "items" [0m
Rendering items/index
Completed in 72ms (View: 5, DB: 0) | 200 OK [http://localhost/items.atom]


Processing ItemsController#index to xml (for 127.0.0.1 at 2008-12-05 13:47:43) [GET]
  [4;36;1mItem Load (0.4ms)[0m   [0;1mSELECT * FROM "items" [0m
Completed in 7ms (View: 3, DB: 0) | 200 OK [http://localhost/items.xml]


Processing ItemsController#show (for 127.0.0.1 at 2008-12-05 13:48:04) [GET]
  Parameters: {"id"=>"1"}
  [4;35;1mItem Load (0.2ms)[0m   [0mSELECT * FROM "items" WHERE ("items"."id" = 1) [0m
Rendering template within layouts/items
Rendering items/show
Completed in 9ms (View: 4, DB: 0) | 200 OK [http://localhost/items/1]
